2016-04-18 14:20:35,403 [main] INFO  org.eclipse.jetty.util.log [Line:186] - Logging initialized @2770ms
2016-04-18 14:20:35,885 [main] INFO  org.eclipse.jetty.server.Server [Line:327] - jetty-9.2.10.v20150310
2016-04-18 14:20:35,998 [main] INFO  / [Line:2052] - Initializing Spring root WebApplicationContext
2016-04-18 14:20:35,999 [main] INFO  o.s.web.context.ContextLoader [Line:285] - Root WebApplicationContext: initialization started
2016-04-18 14:20:36,239 [main] INFO  o.s.w.c.s.XmlWebApplicationContext [Line:510] - Refreshing Root WebApplicationContext: startup date [Mon Apr 18 14:20:36 CST 2016]; root of context hierarchy
2016-04-18 14:20:36,327 [main] INFO  o.s.b.f.xml.XmlBeanDefinitionReader [Line:317] - Loading XML bean definitions from ServletContext resource [/WEB-INF/applicationContext.xml]
2016-04-18 14:20:37,343 [main] INFO  o.s.b.f.a.AutowiredAnnotationBeanPostProcessor [Line:153] - JSR-330 'javax.inject.Inject' annotation found and supported for autowiring
2016-04-18 14:20:37,697 [main] INFO  o.s.w.s.m.m.a.RequestMappingHandlerMapping [Line:220] - Mapped "{[/es/query],methods=[GET],params=[],headers=[],consumes=[],produces=[],custom=[]}" onto public java.lang.Object zx.soft.tksdn.spring.controller.QueryController.queryData(javax.servlet.http.HttpServletRequest)
2016-04-18 14:20:38,297 [main] INFO  o.s.w.s.m.m.a.RequestMappingHandlerAdapter [Line:523] - Looking for @ControllerAdvice: Root WebApplicationContext: startup date [Mon Apr 18 14:20:36 CST 2016]; root of context hierarchy
2016-04-18 14:20:38,330 [main] INFO  o.s.w.s.m.m.a.RequestMappingHandlerAdapter [Line:523] - Looking for @ControllerAdvice: Root WebApplicationContext: startup date [Mon Apr 18 14:20:36 CST 2016]; root of context hierarchy
2016-04-18 14:20:38,394 [main] INFO  o.s.web.context.ContextLoader [Line:325] - Root WebApplicationContext: initialization completed in 2395 ms
2016-04-18 14:20:38,398 [main] INFO  / [Line:2052] - Initializing Spring FrameworkServlet 'org.springframework.web.servlet.DispatcherServlet-12cdcf4'
2016-04-18 14:20:38,398 [main] INFO  o.s.web.servlet.DispatcherServlet [Line:484] - FrameworkServlet 'org.springframework.web.servlet.DispatcherServlet-12cdcf4': initialization started
2016-04-18 14:20:38,438 [main] INFO  o.s.web.servlet.DispatcherServlet [Line:503] - FrameworkServlet 'org.springframework.web.servlet.DispatcherServlet-12cdcf4': initialization completed in 39 ms
2016-04-18 14:20:38,439 [main] INFO  o.e.j.server.handler.ContextHandler [Line:744] - Started o.e.j.s.ServletContextHandler@4493d195{/,file:/home/lb/workspace/tksdn-search/tksdn-springdemo/target/classes/webapp/,AVAILABLE}
2016-04-18 14:20:38,568 [main] INFO  o.e.jetty.server.ServerConnector [Line:266] - Started ServerConnector@59ec2012{HTTP/1.1}{0.0.0.0:8900}
2016-04-18 14:20:38,569 [main] INFO  org.eclipse.jetty.server.Server [Line:379] - Started @5958ms
2016-04-18 14:20:38,569 [main] INFO  z.s.t.spring.server.QueryApiServer [Line:62 ] - Server started at port 8900
2016-04-18 14:21:30,615 [qtp1917513796-16 - /es/query] INFO  z.s.t.s.controller.QueryController [Line:41 ] - QueryParams [indexName=tekuan, indexType=record, preferenceType=, searchType=, includes=null, q=, termAgg=, dateHistAgg=, term=, value=, hlfl=, rangeFiled=, rangeStart=, rangeEnd=, timeZone=, sort=, from=0, size=10]
2016-04-18 14:21:30,730 [qtp1917513796-16 - /es/query] INFO  zx.soft.utils.config.ConfigUtil [Line:33 ] - Load resource: utils.properties
2016-04-18 14:21:30,754 [qtp1917513796-16 - /es/query] INFO  zx.soft.utils.config.ConfigUtil [Line:33 ] - Load resource: elasticsearch.properties
2016-04-18 14:21:31,081 [qtp1917513796-16 - /es/query] INFO  org.elasticsearch.plugins [Line:180] - [Niles Van Roekel] modules [], plugins [], sites []
2016-04-18 14:21:32,650 [qtp1917513796-16 - /es/query] INFO  zx.soft.tksdn.es.query.ESQueryCore [Line:86 ] - numFound=0
2016-04-18 14:21:32,651 [qtp1917513796-16 - /es/query] INFO  zx.soft.tksdn.es.query.ESQueryCore [Line:87 ] - QTime=10
2016-04-18 14:21:33,318 [qtp1917513796-11 - /favicon.ico] WARN  o.s.web.servlet.PageNotFound [Line:1120] - No mapping found for HTTP request with URI [/favicon.ico] in DispatcherServlet with name 'org.springframework.web.servlet.DispatcherServlet-12cdcf4'
2016-04-18 14:21:33,419 [qtp1917513796-14 - /favicon.ico] WARN  o.s.web.servlet.PageNotFound [Line:1120] - No mapping found for HTTP request with URI [/favicon.ico] in DispatcherServlet with name 'org.springframework.web.servlet.DispatcherServlet-12cdcf4'
2016-04-18 14:21:48,999 [main] INFO  org.eclipse.jetty.util.log [Line:186] - Logging initialized @881ms
2016-04-18 14:21:49,177 [main] INFO  org.eclipse.jetty.server.Server [Line:327] - jetty-9.2.10.v20150310
2016-04-18 14:21:49,245 [main] INFO  / [Line:2052] - Initializing Spring root WebApplicationContext
2016-04-18 14:21:49,245 [main] INFO  o.s.web.context.ContextLoader [Line:285] - Root WebApplicationContext: initialization started
2016-04-18 14:21:49,365 [main] INFO  o.s.w.c.s.XmlWebApplicationContext [Line:510] - Refreshing Root WebApplicationContext: startup date [Mon Apr 18 14:21:49 CST 2016]; root of context hierarchy
2016-04-18 14:21:49,402 [main] INFO  o.s.b.f.xml.XmlBeanDefinitionReader [Line:317] - Loading XML bean definitions from ServletContext resource [/WEB-INF/applicationContext.xml]
2016-04-18 14:21:49,820 [main] INFO  o.s.b.f.a.AutowiredAnnotationBeanPostProcessor [Line:153] - JSR-330 'javax.inject.Inject' annotation found and supported for autowiring
2016-04-18 14:21:50,110 [main] INFO  o.s.w.s.m.m.a.RequestMappingHandlerMapping [Line:220] - Mapped "{[/es/query],methods=[GET],params=[],headers=[],consumes=[],produces=[],custom=[]}" onto public java.lang.Object zx.soft.tksdn.spring.controller.QueryController.queryData(javax.servlet.http.HttpServletRequest)
2016-04-18 14:21:50,485 [main] INFO  o.s.w.s.m.m.a.RequestMappingHandlerAdapter [Line:523] - Looking for @ControllerAdvice: Root WebApplicationContext: startup date [Mon Apr 18 14:21:49 CST 2016]; root of context hierarchy
2016-04-18 14:21:50,524 [main] INFO  o.s.w.s.m.m.a.RequestMappingHandlerAdapter [Line:523] - Looking for @ControllerAdvice: Root WebApplicationContext: startup date [Mon Apr 18 14:21:49 CST 2016]; root of context hierarchy
2016-04-18 14:21:50,567 [main] INFO  o.s.web.context.ContextLoader [Line:325] - Root WebApplicationContext: initialization completed in 1322 ms
2016-04-18 14:21:50,608 [main] INFO  / [Line:2052] - Initializing Spring FrameworkServlet 'org.springframework.web.servlet.DispatcherServlet-157853da'
2016-04-18 14:21:50,608 [main] INFO  o.s.web.servlet.DispatcherServlet [Line:484] - FrameworkServlet 'org.springframework.web.servlet.DispatcherServlet-157853da': initialization started
2016-04-18 14:21:50,635 [main] INFO  o.s.web.servlet.DispatcherServlet [Line:503] - FrameworkServlet 'org.springframework.web.servlet.DispatcherServlet-157853da': initialization completed in 26 ms
2016-04-18 14:21:50,636 [main] INFO  o.e.j.server.handler.ContextHandler [Line:744] - Started o.e.j.s.ServletContextHandler@291caca8{/,file:/home/lb/workspace/tksdn-search/tksdn-springdemo/target/classes/webapp/,AVAILABLE}
2016-04-18 14:21:50,653 [main] INFO  o.e.jetty.server.ServerConnector [Line:266] - Started ServerConnector@2a65fe7c{HTTP/1.1}{0.0.0.0:8900}
2016-04-18 14:21:50,654 [main] INFO  org.eclipse.jetty.server.Server [Line:379] - Started @2538ms
2016-04-18 14:21:50,654 [main] INFO  z.s.t.spring.server.QueryApiServer [Line:62 ] - Server started at port 8900
2016-04-18 14:22:04,358 [qtp1002021887-14 - /es/query] INFO  z.s.t.s.controller.QueryController [Line:41 ] - QueryParams [indexName=tekuan, indexType=record, preferenceType=, searchType=, includes=null, q=, termAgg=, dateHistAgg=, term=, value=, hlfl=, rangeFiled=, rangeStart=, rangeEnd=, timeZone=, sort=, from=0, size=10]
2016-04-18 14:22:22,074 [qtp1002021887-14 - /es/query] INFO  zx.soft.utils.config.ConfigUtil [Line:33 ] - Load resource: utils.properties
2016-04-18 14:22:22,088 [qtp1002021887-14 - /es/query] INFO  zx.soft.utils.config.ConfigUtil [Line:33 ] - Load resource: elasticsearch.properties
2016-04-18 14:22:25,120 [qtp1002021887-14 - /es/query] INFO  org.elasticsearch.plugins [Line:180] - [Victorius] modules [], plugins [], sites []
2016-04-18 14:25:03,217 [main] INFO  org.eclipse.jetty.util.log [Line:186] - Logging initialized @553ms
2016-04-18 14:25:03,367 [main] INFO  org.eclipse.jetty.server.Server [Line:327] - jetty-9.2.10.v20150310
2016-04-18 14:25:03,420 [main] INFO  / [Line:2052] - Initializing Spring root WebApplicationContext
2016-04-18 14:25:03,420 [main] INFO  o.s.web.context.ContextLoader [Line:285] - Root WebApplicationContext: initialization started
2016-04-18 14:25:03,515 [main] INFO  o.s.w.c.s.XmlWebApplicationContext [Line:510] - Refreshing Root WebApplicationContext: startup date [Mon Apr 18 14:25:03 CST 2016]; root of context hierarchy
2016-04-18 14:25:03,552 [main] INFO  o.s.b.f.xml.XmlBeanDefinitionReader [Line:317] - Loading XML bean definitions from ServletContext resource [/WEB-INF/applicationContext.xml]
2016-04-18 14:25:03,872 [main] INFO  o.s.b.f.a.AutowiredAnnotationBeanPostProcessor [Line:153] - JSR-330 'javax.inject.Inject' annotation found and supported for autowiring
2016-04-18 14:25:04,103 [main] INFO  o.s.w.s.m.m.a.RequestMappingHandlerMapping [Line:220] - Mapped "{[/es/query],methods=[GET],params=[],headers=[],consumes=[],produces=[],custom=[]}" onto public java.lang.Object zx.soft.tksdn.spring.controller.QueryController.queryData(javax.servlet.http.HttpServletRequest)
2016-04-18 14:25:04,562 [main] INFO  o.s.w.s.m.m.a.RequestMappingHandlerAdapter [Line:523] - Looking for @ControllerAdvice: Root WebApplicationContext: startup date [Mon Apr 18 14:25:03 CST 2016]; root of context hierarchy
2016-04-18 14:25:04,629 [main] INFO  o.s.w.s.m.m.a.RequestMappingHandlerAdapter [Line:523] - Looking for @ControllerAdvice: Root WebApplicationContext: startup date [Mon Apr 18 14:25:03 CST 2016]; root of context hierarchy
2016-04-18 14:25:04,691 [main] INFO  o.s.web.context.ContextLoader [Line:325] - Root WebApplicationContext: initialization completed in 1271 ms
2016-04-18 14:25:04,748 [main] INFO  / [Line:2052] - Initializing Spring FrameworkServlet 'org.springframework.web.servlet.DispatcherServlet-157853da'
2016-04-18 14:25:04,749 [main] INFO  o.s.web.servlet.DispatcherServlet [Line:484] - FrameworkServlet 'org.springframework.web.servlet.DispatcherServlet-157853da': initialization started
2016-04-18 14:25:04,783 [main] INFO  o.s.web.servlet.DispatcherServlet [Line:503] - FrameworkServlet 'org.springframework.web.servlet.DispatcherServlet-157853da': initialization completed in 34 ms
2016-04-18 14:25:04,784 [main] INFO  o.e.j.server.handler.ContextHandler [Line:744] - Started o.e.j.s.ServletContextHandler@291caca8{/,file:/home/lb/workspace/tksdn-search/tksdn-springdemo/target/classes/webapp/,AVAILABLE}
2016-04-18 14:25:04,799 [main] INFO  o.e.jetty.server.ServerConnector [Line:266] - Started ServerConnector@2a65fe7c{HTTP/1.1}{0.0.0.0:8900}
2016-04-18 14:25:04,800 [main] INFO  org.eclipse.jetty.server.Server [Line:379] - Started @2138ms
2016-04-18 14:25:04,800 [main] INFO  z.s.t.spring.server.QueryApiServer [Line:62 ] - Server started at port 8900
2016-04-18 14:25:29,324 [qtp1002021887-17 - /es/query] INFO  z.s.t.s.controller.QueryController [Line:41 ] - QueryParams [indexName=tekuan, indexType=record, preferenceType=, searchType=, includes=null, q=, termAgg=, dateHistAgg=, term=, value=, hlfl=, rangeFiled=, rangeStart=, rangeEnd=, timeZone=, sort=, from=0, size=10]
2016-04-18 14:25:32,693 [qtp1002021887-17 - /es/query] INFO  zx.soft.utils.config.ConfigUtil [Line:33 ] - Load resource: utils.properties
2016-04-18 14:25:32,707 [qtp1002021887-17 - /es/query] INFO  zx.soft.utils.config.ConfigUtil [Line:33 ] - Load resource: elasticsearch.properties
2016-04-18 14:25:35,825 [qtp1002021887-17 - /es/query] INFO  org.elasticsearch.plugins [Line:180] - [Fer-de-Lance] modules [], plugins [], sites []
2016-04-18 14:26:39,827 [main] INFO  org.eclipse.jetty.util.log [Line:186] - Logging initialized @435ms
2016-04-18 14:26:39,962 [main] INFO  org.eclipse.jetty.server.Server [Line:327] - jetty-9.2.10.v20150310
2016-04-18 14:26:39,997 [main] INFO  / [Line:2052] - Initializing Spring root WebApplicationContext
2016-04-18 14:26:39,998 [main] INFO  o.s.web.context.ContextLoader [Line:285] - Root WebApplicationContext: initialization started
2016-04-18 14:26:40,080 [main] INFO  o.s.w.c.s.XmlWebApplicationContext [Line:510] - Refreshing Root WebApplicationContext: startup date [Mon Apr 18 14:26:40 CST 2016]; root of context hierarchy
2016-04-18 14:26:40,112 [main] INFO  o.s.b.f.xml.XmlBeanDefinitionReader [Line:317] - Loading XML bean definitions from ServletContext resource [/WEB-INF/applicationContext.xml]
2016-04-18 14:26:40,547 [main] INFO  o.s.b.f.a.AutowiredAnnotationBeanPostProcessor [Line:153] - JSR-330 'javax.inject.Inject' annotation found and supported for autowiring
2016-04-18 14:26:40,770 [main] INFO  o.s.w.s.m.m.a.RequestMappingHandlerMapping [Line:220] - Mapped "{[/es/query],methods=[GET],params=[],headers=[],consumes=[],produces=[],custom=[]}" onto public java.lang.Object zx.soft.tksdn.spring.controller.QueryController.queryData(javax.servlet.http.HttpServletRequest)
2016-04-18 14:26:41,060 [main] INFO  o.s.w.s.m.m.a.RequestMappingHandlerAdapter [Line:523] - Looking for @ControllerAdvice: Root WebApplicationContext: startup date [Mon Apr 18 14:26:40 CST 2016]; root of context hierarchy
2016-04-18 14:26:41,109 [main] INFO  o.s.w.s.m.m.a.RequestMappingHandlerAdapter [Line:523] - Looking for @ControllerAdvice: Root WebApplicationContext: startup date [Mon Apr 18 14:26:40 CST 2016]; root of context hierarchy
2016-04-18 14:26:41,147 [main] INFO  o.s.web.context.ContextLoader [Line:325] - Root WebApplicationContext: initialization completed in 1149 ms
2016-04-18 14:26:41,152 [main] INFO  / [Line:2052] - Initializing Spring FrameworkServlet 'org.springframework.web.servlet.DispatcherServlet-42d8062c'
2016-04-18 14:26:41,152 [main] INFO  o.s.web.servlet.DispatcherServlet [Line:484] - FrameworkServlet 'org.springframework.web.servlet.DispatcherServlet-42d8062c': initialization started
2016-04-18 14:26:41,173 [main] INFO  o.s.web.servlet.DispatcherServlet [Line:503] - FrameworkServlet 'org.springframework.web.servlet.DispatcherServlet-42d8062c': initialization completed in 20 ms
2016-04-18 14:26:41,174 [main] INFO  o.e.j.server.handler.ContextHandler [Line:744] - Started o.e.j.s.ServletContextHandler@536aaa8d{/,file:/home/lb/workspace/tksdn-search/tksdn-springdemo/target/classes/webapp/,AVAILABLE}
2016-04-18 14:26:41,239 [main] INFO  o.e.jetty.server.ServerConnector [Line:266] - Started ServerConnector@4f7d0008{HTTP/1.1}{0.0.0.0:8900}
2016-04-18 14:26:41,240 [main] INFO  org.eclipse.jetty.server.Server [Line:379] - Started @1850ms
2016-04-18 14:26:41,240 [main] INFO  z.s.t.spring.server.QueryApiServer [Line:62 ] - Server started at port 8900
2016-04-18 14:27:23,202 [qtp459296537-13 - /es/query?q=%E5%8A%A8%E6%80%81AND%E6%9C%8D%E5%8A%A1] INFO  z.s.t.s.controller.QueryController [Line:41 ] - QueryParams [indexName=tekuan, indexType=record, preferenceType=, searchType=, includes=null, q=动态AND服务, termAgg=, dateHistAgg=, term=, value=, hlfl=, rangeFiled=, rangeStart=, rangeEnd=, timeZone=, sort=, from=0, size=10]
2016-04-18 14:27:23,211 [qtp459296537-13 - /es/query?q=%E5%8A%A8%E6%80%81AND%E6%9C%8D%E5%8A%A1] INFO  zx.soft.utils.config.ConfigUtil [Line:33 ] - Load resource: utils.properties
2016-04-18 14:27:23,211 [qtp459296537-13 - /es/query?q=%E5%8A%A8%E6%80%81AND%E6%9C%8D%E5%8A%A1] INFO  zx.soft.utils.config.ConfigUtil [Line:33 ] - Load resource: elasticsearch.properties
2016-04-18 14:27:23,291 [qtp459296537-13 - /es/query?q=%E5%8A%A8%E6%80%81AND%E6%9C%8D%E5%8A%A1] INFO  org.elasticsearch.plugins [Line:180] - [Thor] modules [], plugins [], sites []
2016-04-18 14:27:25,025 [qtp459296537-13 - /es/query?q=%E5%8A%A8%E6%80%81AND%E6%9C%8D%E5%8A%A1] INFO  zx.soft.tksdn.es.query.ESQueryCore [Line:86 ] - numFound=1111871
2016-04-18 14:27:25,026 [qtp459296537-13 - /es/query?q=%E5%8A%A8%E6%80%81AND%E6%9C%8D%E5%8A%A1] INFO  zx.soft.tksdn.es.query.ESQueryCore [Line:87 ] - QTime=294
2016-04-18 14:27:54,848 [qtp459296537-13 - /es/query?q=%E5%8A%A8%E6%80%81AND%E6%9C%8D%E5%8A%A1&hlfl=content] INFO  z.s.t.s.controller.QueryController [Line:41 ] - QueryParams [indexName=tekuan, indexType=record, preferenceType=, searchType=, includes=null, q=动态AND服务, termAgg=, dateHistAgg=, term=, value=, hlfl=content, rangeFiled=, rangeStart=, rangeEnd=, timeZone=, sort=, from=0, size=10]
2016-04-18 14:27:55,194 [qtp459296537-13 - /es/query?q=%E5%8A%A8%E6%80%81AND%E6%9C%8D%E5%8A%A1&hlfl=content] INFO  zx.soft.tksdn.es.query.ESQueryCore [Line:86 ] - numFound=1111871
2016-04-18 14:27:55,194 [qtp459296537-13 - /es/query?q=%E5%8A%A8%E6%80%81AND%E6%9C%8D%E5%8A%A1&hlfl=content] INFO  zx.soft.tksdn.es.query.ESQueryCore [Line:87 ] - QTime=317
2016-04-18 14:28:33,699 [qtp459296537-16 - /es/query?q=%E5%8A%A8%E6%80%81AND%E6%9C%8D%E5%8A%A1NOT%E7%B3%BB%E7%BB%9F&hlfl=content] INFO  z.s.t.s.controller.QueryController [Line:41 ] - QueryParams [indexName=tekuan, indexType=record, preferenceType=, searchType=, includes=null, q=动态AND服务NOT系统, termAgg=, dateHistAgg=, term=, value=, hlfl=content, rangeFiled=, rangeStart=, rangeEnd=, timeZone=, sort=, from=0, size=10]
2016-04-18 14:28:33,863 [qtp459296537-16 - /es/query?q=%E5%8A%A8%E6%80%81AND%E6%9C%8D%E5%8A%A1NOT%E7%B3%BB%E7%BB%9F&hlfl=content] INFO  zx.soft.tksdn.es.query.ESQueryCore [Line:86 ] - numFound=2687016
2016-04-18 14:28:33,863 [qtp459296537-16 - /es/query?q=%E5%8A%A8%E6%80%81AND%E6%9C%8D%E5%8A%A1NOT%E7%B3%BB%E7%BB%9F&hlfl=content] INFO  zx.soft.tksdn.es.query.ESQueryCore [Line:87 ] - QTime=155
2016-04-18 14:29:04,374 [qtp459296537-16 - /es/query?q=%E5%8A%A8%E6%80%81AND%E6%9C%8D%E5%8A%A1-%E7%B3%BB%E7%BB%9F&hlfl=content] INFO  z.s.t.s.controller.QueryController [Line:41 ] - QueryParams [indexName=tekuan, indexType=record, preferenceType=, searchType=, includes=null, q=动态AND服务-系统, termAgg=, dateHistAgg=, term=, value=, hlfl=content, rangeFiled=, rangeStart=, rangeEnd=, timeZone=, sort=, from=0, size=10]
2016-04-18 14:29:04,617 [qtp459296537-16 - /es/query?q=%E5%8A%A8%E6%80%81AND%E6%9C%8D%E5%8A%A1-%E7%B3%BB%E7%BB%9F&hlfl=content] INFO  zx.soft.tksdn.es.query.ESQueryCore [Line:86 ] - numFound=2687016
2016-04-18 14:29:04,618 [qtp459296537-16 - /es/query?q=%E5%8A%A8%E6%80%81AND%E6%9C%8D%E5%8A%A1-%E7%B3%BB%E7%BB%9F&hlfl=content] INFO  zx.soft.tksdn.es.query.ESQueryCore [Line:87 ] - QTime=235
2016-04-18 14:31:40,566 [main] INFO  org.eclipse.jetty.util.log [Line:186] - Logging initialized @398ms
2016-04-18 14:31:40,678 [main] INFO  org.eclipse.jetty.server.Server [Line:327] - jetty-9.2.10.v20150310
2016-04-18 14:31:40,707 [main] INFO  / [Line:2052] - Initializing Spring root WebApplicationContext
2016-04-18 14:31:40,708 [main] INFO  o.s.web.context.ContextLoader [Line:285] - Root WebApplicationContext: initialization started
2016-04-18 14:31:40,758 [main] INFO  o.s.w.c.s.XmlWebApplicationContext [Line:510] - Refreshing Root WebApplicationContext: startup date [Mon Apr 18 14:31:40 CST 2016]; root of context hierarchy
2016-04-18 14:31:40,791 [main] INFO  o.s.b.f.xml.XmlBeanDefinitionReader [Line:317] - Loading XML bean definitions from ServletContext resource [/WEB-INF/applicationContext.xml]
2016-04-18 14:31:41,107 [main] INFO  o.s.b.f.a.AutowiredAnnotationBeanPostProcessor [Line:153] - JSR-330 'javax.inject.Inject' annotation found and supported for autowiring
2016-04-18 14:31:41,326 [main] INFO  o.s.w.s.m.m.a.RequestMappingHandlerMapping [Line:220] - Mapped "{[/es/query],methods=[GET],params=[],headers=[],consumes=[],produces=[],custom=[]}" onto public java.lang.Object zx.soft.tksdn.spring.controller.QueryController.queryData(javax.servlet.http.HttpServletRequest)
2016-04-18 14:31:41,601 [main] INFO  o.s.w.s.m.m.a.RequestMappingHandlerAdapter [Line:523] - Looking for @ControllerAdvice: Root WebApplicationContext: startup date [Mon Apr 18 14:31:40 CST 2016]; root of context hierarchy
2016-04-18 14:31:41,634 [main] INFO  o.s.w.s.m.m.a.RequestMappingHandlerAdapter [Line:523] - Looking for @ControllerAdvice: Root WebApplicationContext: startup date [Mon Apr 18 14:31:40 CST 2016]; root of context hierarchy
2016-04-18 14:31:41,671 [main] INFO  o.s.web.context.ContextLoader [Line:325] - Root WebApplicationContext: initialization completed in 963 ms
2016-04-18 14:31:41,675 [main] INFO  / [Line:2052] - Initializing Spring FrameworkServlet 'org.springframework.web.servlet.DispatcherServlet-42d8062c'
2016-04-18 14:31:41,675 [main] INFO  o.s.web.servlet.DispatcherServlet [Line:484] - FrameworkServlet 'org.springframework.web.servlet.DispatcherServlet-42d8062c': initialization started
2016-04-18 14:31:41,695 [main] INFO  o.s.web.servlet.DispatcherServlet [Line:503] - FrameworkServlet 'org.springframework.web.servlet.DispatcherServlet-42d8062c': initialization completed in 20 ms
2016-04-18 14:31:41,695 [main] INFO  o.e.j.server.handler.ContextHandler [Line:744] - Started o.e.j.s.ServletContextHandler@536aaa8d{/,file:/home/lb/workspace/tksdn-search/tksdn-springdemo/target/classes/webapp/,AVAILABLE}
2016-04-18 14:31:41,745 [main] INFO  o.e.jetty.server.ServerConnector [Line:266] - Started ServerConnector@4f7d0008{HTTP/1.1}{0.0.0.0:8900}
2016-04-18 14:31:41,745 [main] INFO  org.eclipse.jetty.server.Server [Line:379] - Started @1579ms
2016-04-18 14:31:41,746 [main] INFO  z.s.t.spring.server.QueryApiServer [Line:62 ] - Server started at port 8900
2016-04-18 14:31:55,503 [qtp459296537-15 - /es/query?q=%E5%8A%A8%E6%80%81AND%E6%9C%8D%E5%8A%A1NOT%E7%B3%BB%E7%BB%9F&hlfl=content] INFO  z.s.t.s.controller.QueryController [Line:41 ] - QueryParams [indexName=tekuan, indexType=record, preferenceType=, searchType=, includes=null, q=动态AND服务NOT系统, termAgg=, dateHistAgg=, term=, value=, hlfl=content, rangeFiled=, rangeStart=, rangeEnd=, timeZone=, sort=, from=0, size=10]
2016-04-18 14:31:55,529 [qtp459296537-15 - /es/query?q=%E5%8A%A8%E6%80%81AND%E6%9C%8D%E5%8A%A1NOT%E7%B3%BB%E7%BB%9F&hlfl=content] INFO  zx.soft.utils.config.ConfigUtil [Line:33 ] - Load resource: utils.properties
2016-04-18 14:31:55,530 [qtp459296537-15 - /es/query?q=%E5%8A%A8%E6%80%81AND%E6%9C%8D%E5%8A%A1NOT%E7%B3%BB%E7%BB%9F&hlfl=content] INFO  zx.soft.utils.config.ConfigUtil [Line:33 ] - Load resource: elasticsearch.properties
2016-04-18 14:31:55,610 [qtp459296537-15 - /es/query?q=%E5%8A%A8%E6%80%81AND%E6%9C%8D%E5%8A%A1NOT%E7%B3%BB%E7%BB%9F&hlfl=content] INFO  org.elasticsearch.plugins [Line:180] - [Marlene Alraune] modules [], plugins [], sites []
2016-04-18 14:31:56,726 [qtp459296537-15 - /es/query?q=%E5%8A%A8%E6%80%81AND%E6%9C%8D%E5%8A%A1NOT%E7%B3%BB%E7%BB%9F&hlfl=content] INFO  zx.soft.tksdn.es.query.ESQueryCore [Line:86 ] - numFound=2687016
2016-04-18 14:31:56,726 [qtp459296537-15 - /es/query?q=%E5%8A%A8%E6%80%81AND%E6%9C%8D%E5%8A%A1NOT%E7%B3%BB%E7%BB%9F&hlfl=content] INFO  zx.soft.tksdn.es.query.ESQueryCore [Line:87 ] - QTime=224
2016-04-18 14:32:21,729 [qtp459296537-14 - /es/query?q=%E5%8A%A8%E6%80%81or%E6%9C%8D%E5%8A%A1NOT%E7%B3%BB%E7%BB%9F&hlfl=content] INFO  z.s.t.s.controller.QueryController [Line:41 ] - QueryParams [indexName=tekuan, indexType=record, preferenceType=, searchType=, includes=null, q=动态or服务NOT系统, termAgg=, dateHistAgg=, term=, value=, hlfl=content, rangeFiled=, rangeStart=, rangeEnd=, timeZone=, sort=, from=0, size=10]
2016-04-18 14:32:21,911 [qtp459296537-14 - /es/query?q=%E5%8A%A8%E6%80%81or%E6%9C%8D%E5%8A%A1NOT%E7%B3%BB%E7%BB%9F&hlfl=content] INFO  zx.soft.tksdn.es.query.ESQueryCore [Line:86 ] - numFound=2687016
2016-04-18 14:32:21,911 [qtp459296537-14 - /es/query?q=%E5%8A%A8%E6%80%81or%E6%9C%8D%E5%8A%A1NOT%E7%B3%BB%E7%BB%9F&hlfl=content] INFO  zx.soft.tksdn.es.query.ESQueryCore [Line:87 ] - QTime=171
2016-04-18 14:32:31,749 [qtp459296537-13 - /es/query?q=%E5%8A%A8%E6%80%81or%E5%A8%B1%E4%B9%90NOT%E7%B3%BB%E7%BB%9F&hlfl=content] INFO  z.s.t.s.controller.QueryController [Line:41 ] - QueryParams [indexName=tekuan, indexType=record, preferenceType=, searchType=, includes=null, q=动态or娱乐NOT系统, termAgg=, dateHistAgg=, term=, value=, hlfl=content, rangeFiled=, rangeStart=, rangeEnd=, timeZone=, sort=, from=0, size=10]
2016-04-18 14:32:31,899 [qtp459296537-13 - /es/query?q=%E5%8A%A8%E6%80%81or%E5%A8%B1%E4%B9%90NOT%E7%B3%BB%E7%BB%9F&hlfl=content] INFO  zx.soft.tksdn.es.query.ESQueryCore [Line:86 ] - numFound=2131077
2016-04-18 14:32:31,899 [qtp459296537-13 - /es/query?q=%E5%8A%A8%E6%80%81or%E5%A8%B1%E4%B9%90NOT%E7%B3%BB%E7%BB%9F&hlfl=content] INFO  zx.soft.tksdn.es.query.ESQueryCore [Line:87 ] - QTime=135
2016-04-18 14:32:51,658 [qtp459296537-15 - /es/query?q=%E5%8A%A8%E6%80%81or%E5%A8%B1%E4%B9%90&hlfl=content] INFO  z.s.t.s.controller.QueryController [Line:41 ] - QueryParams [indexName=tekuan, indexType=record, preferenceType=, searchType=, includes=null, q=动态or娱乐, termAgg=, dateHistAgg=, term=, value=, hlfl=content, rangeFiled=, rangeStart=, rangeEnd=, timeZone=, sort=, from=0, size=10]
2016-04-18 14:32:51,713 [qtp459296537-15 - /es/query?q=%E5%8A%A8%E6%80%81or%E5%A8%B1%E4%B9%90&hlfl=content] INFO  zx.soft.tksdn.es.query.ESQueryCore [Line:86 ] - numFound=463277
2016-04-18 14:32:51,714 [qtp459296537-15 - /es/query?q=%E5%8A%A8%E6%80%81or%E5%A8%B1%E4%B9%90&hlfl=content] INFO  zx.soft.tksdn.es.query.ESQueryCore [Line:87 ] - QTime=48
2016-04-18 14:33:06,000 [qtp459296537-14 - /es/query?q=%E4%BD%93%E8%82%B2or%E5%A8%B1%E4%B9%90&hlfl=content] INFO  z.s.t.s.controller.QueryController [Line:41 ] - QueryParams [indexName=tekuan, indexType=record, preferenceType=, searchType=, includes=null, q=体育or娱乐, termAgg=, dateHistAgg=, term=, value=, hlfl=content, rangeFiled=, rangeStart=, rangeEnd=, timeZone=, sort=, from=0, size=10]
2016-04-18 14:33:06,170 [qtp459296537-14 - /es/query?q=%E4%BD%93%E8%82%B2or%E5%A8%B1%E4%B9%90&hlfl=content] INFO  zx.soft.tksdn.es.query.ESQueryCore [Line:86 ] - numFound=1945785
2016-04-18 14:33:06,170 [qtp459296537-14 - /es/query?q=%E4%BD%93%E8%82%B2or%E5%A8%B1%E4%B9%90&hlfl=content] INFO  zx.soft.tksdn.es.query.ESQueryCore [Line:87 ] - QTime=163
2016-04-18 14:34:37,456 [qtp459296537-15 - /es/query?q=%E5%A8%B1%E4%B9%90&hlfl=content] INFO  z.s.t.s.controller.QueryController [Line:41 ] - QueryParams [indexName=tekuan, indexType=record, preferenceType=, searchType=, includes=null, q=娱乐, termAgg=, dateHistAgg=, term=, value=, hlfl=content, rangeFiled=, rangeStart=, rangeEnd=, timeZone=, sort=, from=0, size=10]
2016-04-18 14:34:37,461 [qtp459296537-15 - /es/query?q=%E5%A8%B1%E4%B9%90&hlfl=content] INFO  zx.soft.tksdn.es.query.ESQueryCore [Line:86 ] - numFound=0
2016-04-18 14:34:37,462 [qtp459296537-15 - /es/query?q=%E5%A8%B1%E4%B9%90&hlfl=content] INFO  zx.soft.tksdn.es.query.ESQueryCore [Line:87 ] - QTime=3
2016-04-18 14:34:41,291 [qtp459296537-14 - /es/query?q=%E4%B9%90&hlfl=content] INFO  z.s.t.s.controller.QueryController [Line:41 ] - QueryParams [indexName=tekuan, indexType=record, preferenceType=, searchType=, includes=null, q=乐, termAgg=, dateHistAgg=, term=, value=, hlfl=content, rangeFiled=, rangeStart=, rangeEnd=, timeZone=, sort=, from=0, size=10]
2016-04-18 14:34:41,294 [qtp459296537-14 - /es/query?q=%E4%B9%90&hlfl=content] INFO  zx.soft.tksdn.es.query.ESQueryCore [Line:86 ] - numFound=0
2016-04-18 14:34:41,295 [qtp459296537-14 - /es/query?q=%E4%B9%90&hlfl=content] INFO  zx.soft.tksdn.es.query.ESQueryCore [Line:87 ] - QTime=2
2016-04-18 14:34:48,407 [qtp459296537-13 - /es/query?q=%E5%85%9A&hlfl=content] INFO  z.s.t.s.controller.QueryController [Line:41 ] - QueryParams [indexName=tekuan, indexType=record, preferenceType=, searchType=, includes=null, q=党, termAgg=, dateHistAgg=, term=, value=, hlfl=content, rangeFiled=, rangeStart=, rangeEnd=, timeZone=, sort=, from=0, size=10]
2016-04-18 14:34:48,511 [qtp459296537-13 - /es/query?q=%E5%85%9A&hlfl=content] INFO  zx.soft.tksdn.es.query.ESQueryCore [Line:86 ] - numFound=370628
2016-04-18 14:34:48,511 [qtp459296537-13 - /es/query?q=%E5%85%9A&hlfl=content] INFO  zx.soft.tksdn.es.query.ESQueryCore [Line:87 ] - QTime=98
2016-04-18 14:35:05,938 [qtp459296537-12 - /es/query?q=+%E5%85%9A-%E4%BA%94&hlfl=content] INFO  z.s.t.s.controller.QueryController [Line:41 ] - QueryParams [indexName=tekuan, indexType=record, preferenceType=, searchType=, includes=null, q= 党-五, termAgg=, dateHistAgg=, term=, value=, hlfl=content, rangeFiled=, rangeStart=, rangeEnd=, timeZone=, sort=, from=0, size=10]
2016-04-18 14:35:06,187 [qtp459296537-12 - /es/query?q=+%E5%85%9A-%E4%BA%94&hlfl=content] INFO  zx.soft.tksdn.es.query.ESQueryCore [Line:86 ] - numFound=926568
2016-04-18 14:35:06,187 [qtp459296537-12 - /es/query?q=+%E5%85%9A-%E4%BA%94&hlfl=content] INFO  zx.soft.tksdn.es.query.ESQueryCore [Line:87 ] - QTime=243
2016-04-18 14:36:27,921 [main] INFO  org.eclipse.jetty.util.log [Line:186] - Logging initialized @383ms
2016-04-18 14:36:28,019 [main] INFO  org.eclipse.jetty.server.Server [Line:327] - jetty-9.2.10.v20150310
2016-04-18 14:36:28,048 [main] INFO  / [Line:2052] - Initializing Spring root WebApplicationContext
2016-04-18 14:36:28,049 [main] INFO  o.s.web.context.ContextLoader [Line:285] - Root WebApplicationContext: initialization started
2016-04-18 14:36:28,102 [main] INFO  o.s.w.c.s.XmlWebApplicationContext [Line:510] - Refreshing Root WebApplicationContext: startup date [Mon Apr 18 14:36:28 CST 2016]; root of context hierarchy
2016-04-18 14:36:28,130 [main] INFO  o.s.b.f.xml.XmlBeanDefinitionReader [Line:317] - Loading XML bean definitions from ServletContext resource [/WEB-INF/applicationContext.xml]
2016-04-18 14:36:28,403 [main] INFO  o.s.b.f.a.AutowiredAnnotationBeanPostProcessor [Line:153] - JSR-330 'javax.inject.Inject' annotation found and supported for autowiring
2016-04-18 14:36:28,605 [main] INFO  o.s.w.s.m.m.a.RequestMappingHandlerMapping [Line:220] - Mapped "{[/es/query],methods=[GET],params=[],headers=[],consumes=[],produces=[],custom=[]}" onto public java.lang.Object zx.soft.tksdn.spring.controller.QueryController.queryData(javax.servlet.http.HttpServletRequest)
2016-04-18 14:36:28,922 [main] INFO  o.s.w.s.m.m.a.RequestMappingHandlerAdapter [Line:523] - Looking for @ControllerAdvice: Root WebApplicationContext: startup date [Mon Apr 18 14:36:28 CST 2016]; root of context hierarchy
2016-04-18 14:36:28,953 [main] INFO  o.s.w.s.m.m.a.RequestMappingHandlerAdapter [Line:523] - Looking for @ControllerAdvice: Root WebApplicationContext: startup date [Mon Apr 18 14:36:28 CST 2016]; root of context hierarchy
2016-04-18 14:36:28,986 [main] INFO  o.s.web.context.ContextLoader [Line:325] - Root WebApplicationContext: initialization completed in 937 ms
2016-04-18 14:36:28,990 [main] INFO  / [Line:2052] - Initializing Spring FrameworkServlet 'org.springframework.web.servlet.DispatcherServlet-42d8062c'
2016-04-18 14:36:28,990 [main] INFO  o.s.web.servlet.DispatcherServlet [Line:484] - FrameworkServlet 'org.springframework.web.servlet.DispatcherServlet-42d8062c': initialization started
2016-04-18 14:36:29,009 [main] INFO  o.s.web.servlet.DispatcherServlet [Line:503] - FrameworkServlet 'org.springframework.web.servlet.DispatcherServlet-42d8062c': initialization completed in 19 ms
2016-04-18 14:36:29,010 [main] INFO  o.e.j.server.handler.ContextHandler [Line:744] - Started o.e.j.s.ServletContextHandler@536aaa8d{/,file:/home/lb/workspace/tksdn-search/tksdn-springdemo/target/classes/webapp/,AVAILABLE}
2016-04-18 14:36:29,057 [main] INFO  o.e.jetty.server.ServerConnector [Line:266] - Started ServerConnector@4f7d0008{HTTP/1.1}{0.0.0.0:8900}
2016-04-18 14:36:29,058 [main] INFO  org.eclipse.jetty.server.Server [Line:379] - Started @1521ms
2016-04-18 14:36:29,058 [main] INFO  z.s.t.spring.server.QueryApiServer [Line:62 ] - Server started at port 8900
2016-04-18 14:36:32,730 [qtp459296537-13 - /es/query?q=+%E5%85%9A-%E4%BA%94&hlfl=content] INFO  z.s.t.s.controller.QueryController [Line:41 ] - QueryParams [indexName=tekuan, indexType=record, preferenceType=, searchType=, includes=null, q= 党-五, termAgg=, dateHistAgg=, term=, value=, hlfl=content, rangeFiled=, rangeStart=, rangeEnd=, timeZone=, sort=, from=0, size=10]
2016-04-18 14:36:32,770 [qtp459296537-13 - /es/query?q=+%E5%85%9A-%E4%BA%94&hlfl=content] WARN  o.e.jetty.servlet.ServletHandler [Line:620] - 
org.springframework.web.util.NestedServletException: Request processing failed; nested exception is java.util.regex.PatternSyntaxException: Dangling meta character '+' near index 1
(+|-|\|)
 ^
	at org.springframework.web.servlet.FrameworkServlet.processRequest(FrameworkServlet.java:978) ~[spring-webmvc-4.1.2.RELEASE.jar:4.1.2.RELEASE]
	at org.springframework.web.servlet.FrameworkServlet.doGet(FrameworkServlet.java:857) ~[spring-webmvc-4.1.2.RELEASE.jar:4.1.2.RELEASE]
	at javax.servlet.http.HttpServlet.service(HttpServlet.java:687) ~[javax.servlet-api-3.1.0.jar:3.1.0]
	at org.springframework.web.servlet.FrameworkServlet.service(FrameworkServlet.java:842) ~[spring-webmvc-4.1.2.RELEASE.jar:4.1.2.RELEASE]
	at javax.servlet.http.HttpServlet.service(HttpServlet.java:790) ~[javax.servlet-api-3.1.0.jar:3.1.0]
	at org.eclipse.jetty.servlet.ServletHolder.handle(ServletHolder.java:808) ~[jetty-servlet-9.2.10.v20150310.jar:9.2.10.v20150310]
	at org.eclipse.jetty.servlet.ServletHandler.doHandle(ServletHandler.java:587) [jetty-servlet-9.2.10.v20150310.jar:9.2.10.v20150310]
	at org.eclipse.jetty.server.handler.ContextHandler.doHandle(ContextHandler.java:1127) [jetty-server-9.2.10.v20150310.jar:9.2.10.v20150310]
	at org.eclipse.jetty.servlet.ServletHandler.doScope(ServletHandler.java:515) [jetty-servlet-9.2.10.v20150310.jar:9.2.10.v20150310]
	at org.eclipse.jetty.server.handler.ContextHandler.doScope(ContextHandler.java:1061) [jetty-server-9.2.10.v20150310.jar:9.2.10.v20150310]
	at org.eclipse.jetty.server.handler.ScopedHandler.handle(ScopedHandler.java:141) [jetty-server-9.2.10.v20150310.jar:9.2.10.v20150310]
	at org.eclipse.jetty.server.handler.HandlerWrapper.handle(HandlerWrapper.java:97) [jetty-server-9.2.10.v20150310.jar:9.2.10.v20150310]
	at org.eclipse.jetty.server.Server.handle(Server.java:497) [jetty-server-9.2.10.v20150310.jar:9.2.10.v20150310]
	at org.eclipse.jetty.server.HttpChannel.handle(HttpChannel.java:310) [jetty-server-9.2.10.v20150310.jar:9.2.10.v20150310]
	at org.eclipse.jetty.server.HttpConnection.onFillable(HttpConnection.java:257) [jetty-server-9.2.10.v20150310.jar:9.2.10.v20150310]
	at org.eclipse.jetty.io.AbstractConnection$2.run(AbstractConnection.java:540) [jetty-io-9.2.10.v20150310.jar:9.2.10.v20150310]
	at org.eclipse.jetty.util.thread.QueuedThreadPool.runJob(QueuedThreadPool.java:635) [jetty-util-9.2.10.v20150310.jar:9.2.10.v20150310]
	at org.eclipse.jetty.util.thread.QueuedThreadPool$3.run(QueuedThreadPool.java:555) [jetty-util-9.2.10.v20150310.jar:9.2.10.v20150310]
	at java.lang.Thread.run(Thread.java:745) [na:1.8.0_60]
Caused by: java.util.regex.PatternSyntaxException: Dangling meta character '+' near index 1
(+|-|\|)
 ^
	at java.util.regex.Pattern.error(Pattern.java:1955) ~[na:1.8.0_60]
	at java.util.regex.Pattern.sequence(Pattern.java:2123) ~[na:1.8.0_60]
	at java.util.regex.Pattern.expr(Pattern.java:1996) ~[na:1.8.0_60]
	at java.util.regex.Pattern.group0(Pattern.java:2905) ~[na:1.8.0_60]
	at java.util.regex.Pattern.sequence(Pattern.java:2051) ~[na:1.8.0_60]
	at java.util.regex.Pattern.expr(Pattern.java:1996) ~[na:1.8.0_60]
	at java.util.regex.Pattern.compile(Pattern.java:1696) ~[na:1.8.0_60]
	at java.util.regex.Pattern.<init>(Pattern.java:1351) ~[na:1.8.0_60]
	at java.util.regex.Pattern.compile(Pattern.java:1028) ~[na:1.8.0_60]
	at java.lang.String.replaceAll(String.java:2223) ~[na:1.8.0_60]
	at zx.soft.tksdn.spring.service.QueryService.queryStringQuery(QueryService.java:66) ~[classes/:na]
	at zx.soft.tksdn.spring.controller.QueryController.queryData(QueryController.java:42) ~[classes/:na]
	at sun.reflect.NativeMethodAccessorImpl.invoke0(Native Method) ~[na:1.8.0_60]
	at sun.reflect.NativeMethodAccessorImpl.invoke(NativeMethodAccessorImpl.java:62) ~[na:1.8.0_60]
	at sun.reflect.DelegatingMethodAccessorImpl.invoke(DelegatingMethodAccessorImpl.java:43) ~[na:1.8.0_60]
	at java.lang.reflect.Method.invoke(Method.java:497) ~[na:1.8.0_60]
	at org.springframework.web.method.support.InvocableHandlerMethod.invoke(InvocableHandlerMethod.java:215) ~[spring-web-4.1.2.RELEASE.jar:4.1.2.RELEASE]
	at org.springframework.web.method.support.InvocableHandlerMethod.invokeForRequest(InvocableHandlerMethod.java:132) ~[spring-web-4.1.2.RELEASE.jar:4.1.2.RELEASE]
	at org.springframework.web.servlet.mvc.method.annotation.ServletInvocableHandlerMethod.invokeAndHandle(ServletInvocableHandlerMethod.java:110) ~[spring-webmvc-4.1.2.RELEASE.jar:4.1.2.RELEASE]
	at org.springframework.web.servlet.mvc.method.annotation.RequestMappingHandlerAdapter.invokeHandleMethod(RequestMappingHandlerAdapter.java:781) ~[spring-webmvc-4.1.2.RELEASE.jar:4.1.2.RELEASE]
	at org.springframework.web.servlet.mvc.method.annotation.RequestMappingHandlerAdapter.handleInternal(RequestMappingHandlerAdapter.java:721) ~[spring-webmvc-4.1.2.RELEASE.jar:4.1.2.RELEASE]
	at org.springframework.web.servlet.mvc.method.AbstractHandlerMethodAdapter.handle(AbstractHandlerMethodAdapter.java:83) ~[spring-webmvc-4.1.2.RELEASE.jar:4.1.2.RELEASE]
	at org.springframework.web.servlet.DispatcherServlet.doDispatch(DispatcherServlet.java:943) ~[spring-webmvc-4.1.2.RELEASE.jar:4.1.2.RELEASE]
	at org.springframework.web.servlet.DispatcherServlet.doService(DispatcherServlet.java:877) ~[spring-webmvc-4.1.2.RELEASE.jar:4.1.2.RELEASE]
	at org.springframework.web.servlet.FrameworkServlet.processRequest(FrameworkServlet.java:966) ~[spring-webmvc-4.1.2.RELEASE.jar:4.1.2.RELEASE]
	... 18 common frames omitted
2016-04-18 14:37:34,158 [main] INFO  org.eclipse.jetty.util.log [Line:186] - Logging initialized @399ms
2016-04-18 14:37:34,260 [main] INFO  org.eclipse.jetty.server.Server [Line:327] - jetty-9.2.10.v20150310
2016-04-18 14:37:34,291 [main] INFO  / [Line:2052] - Initializing Spring root WebApplicationContext
2016-04-18 14:37:34,291 [main] INFO  o.s.web.context.ContextLoader [Line:285] - Root WebApplicationContext: initialization started
2016-04-18 14:37:34,349 [main] INFO  o.s.w.c.s.XmlWebApplicationContext [Line:510] - Refreshing Root WebApplicationContext: startup date [Mon Apr 18 14:37:34 CST 2016]; root of context hierarchy
2016-04-18 14:37:34,380 [main] INFO  o.s.b.f.xml.XmlBeanDefinitionReader [Line:317] - Loading XML bean definitions from ServletContext resource [/WEB-INF/applicationContext.xml]
2016-04-18 14:37:34,656 [main] INFO  o.s.b.f.a.AutowiredAnnotationBeanPostProcessor [Line:153] - JSR-330 'javax.inject.Inject' annotation found and supported for autowiring
2016-04-18 14:37:34,840 [main] INFO  o.s.w.s.m.m.a.RequestMappingHandlerMapping [Line:220] - Mapped "{[/es/query],methods=[GET],params=[],headers=[],consumes=[],produces=[],custom=[]}" onto public java.lang.Object zx.soft.tksdn.spring.controller.QueryController.queryData(javax.servlet.http.HttpServletRequest)
2016-04-18 14:37:35,121 [main] INFO  o.s.w.s.m.m.a.RequestMappingHandlerAdapter [Line:523] - Looking for @ControllerAdvice: Root WebApplicationContext: startup date [Mon Apr 18 14:37:34 CST 2016]; root of context hierarchy
2016-04-18 14:37:35,155 [main] INFO  o.s.w.s.m.m.a.RequestMappingHandlerAdapter [Line:523] - Looking for @ControllerAdvice: Root WebApplicationContext: startup date [Mon Apr 18 14:37:34 CST 2016]; root of context hierarchy
2016-04-18 14:37:35,191 [main] INFO  o.s.web.context.ContextLoader [Line:325] - Root WebApplicationContext: initialization completed in 899 ms
2016-04-18 14:37:35,195 [main] INFO  / [Line:2052] - Initializing Spring FrameworkServlet 'org.springframework.web.servlet.DispatcherServlet-42d8062c'
2016-04-18 14:37:35,196 [main] INFO  o.s.web.servlet.DispatcherServlet [Line:484] - FrameworkServlet 'org.springframework.web.servlet.DispatcherServlet-42d8062c': initialization started
2016-04-18 14:37:35,215 [main] INFO  o.s.web.servlet.DispatcherServlet [Line:503] - FrameworkServlet 'org.springframework.web.servlet.DispatcherServlet-42d8062c': initialization completed in 19 ms
2016-04-18 14:37:35,215 [main] INFO  o.e.j.server.handler.ContextHandler [Line:744] - Started o.e.j.s.ServletContextHandler@536aaa8d{/,file:/home/lb/workspace/tksdn-search/tksdn-springdemo/target/classes/webapp/,AVAILABLE}
2016-04-18 14:37:35,268 [main] INFO  o.e.jetty.server.ServerConnector [Line:266] - Started ServerConnector@4f7d0008{HTTP/1.1}{0.0.0.0:8900}
2016-04-18 14:37:35,268 [main] INFO  org.eclipse.jetty.server.Server [Line:379] - Started @1511ms
2016-04-18 14:37:35,268 [main] INFO  z.s.t.spring.server.QueryApiServer [Line:62 ] - Server started at port 8900
2016-04-18 14:37:37,257 [qtp459296537-14 - /es/query?q=+%E5%85%9A-%E4%BA%94&hlfl=content] INFO  z.s.t.s.controller.QueryController [Line:41 ] - QueryParams [indexName=tekuan, indexType=record, preferenceType=, searchType=, includes=null, q= 党-五, termAgg=, dateHistAgg=, term=, value=, hlfl=content, rangeFiled=, rangeStart=, rangeEnd=, timeZone=, sort=, from=0, size=10]
2016-04-18 14:37:37,269 [qtp459296537-14 - /es/query?q=+%E5%85%9A-%E4%BA%94&hlfl=content] INFO  zx.soft.utils.config.ConfigUtil [Line:33 ] - Load resource: utils.properties
2016-04-18 14:37:37,270 [qtp459296537-14 - /es/query?q=+%E5%85%9A-%E4%BA%94&hlfl=content] INFO  zx.soft.utils.config.ConfigUtil [Line:33 ] - Load resource: elasticsearch.properties
2016-04-18 14:37:37,362 [qtp459296537-14 - /es/query?q=+%E5%85%9A-%E4%BA%94&hlfl=content] INFO  org.elasticsearch.plugins [Line:180] - [Jester] modules [], plugins [], sites []
2016-04-18 14:37:38,296 [qtp459296537-14 - /es/query?q=+%E5%85%9A-%E4%BA%94&hlfl=content] INFO  zx.soft.tksdn.es.query.ESQueryCore [Line:86 ] - numFound=926568
2016-04-18 14:37:38,296 [qtp459296537-14 - /es/query?q=+%E5%85%9A-%E4%BA%94&hlfl=content] INFO  zx.soft.tksdn.es.query.ESQueryCore [Line:87 ] - QTime=69
2016-04-18 14:38:22,037 [main] INFO  org.eclipse.jetty.util.log [Line:186] - Logging initialized @442ms
2016-04-18 14:38:22,144 [main] INFO  org.eclipse.jetty.server.Server [Line:327] - jetty-9.2.10.v20150310
2016-04-18 14:38:22,173 [main] INFO  / [Line:2052] - Initializing Spring root WebApplicationContext
2016-04-18 14:38:22,173 [main] INFO  o.s.web.context.ContextLoader [Line:285] - Root WebApplicationContext: initialization started
2016-04-18 14:38:22,225 [main] INFO  o.s.w.c.s.XmlWebApplicationContext [Line:510] - Refreshing Root WebApplicationContext: startup date [Mon Apr 18 14:38:22 CST 2016]; root of context hierarchy
2016-04-18 14:38:22,257 [main] INFO  o.s.b.f.xml.XmlBeanDefinitionReader [Line:317] - Loading XML bean definitions from ServletContext resource [/WEB-INF/applicationContext.xml]
2016-04-18 14:38:22,540 [main] INFO  o.s.b.f.a.AutowiredAnnotationBeanPostProcessor [Line:153] - JSR-330 'javax.inject.Inject' annotation found and supported for autowiring
2016-04-18 14:38:22,728 [main] INFO  o.s.w.s.m.m.a.RequestMappingHandlerMapping [Line:220] - Mapped "{[/es/query],methods=[GET],params=[],headers=[],consumes=[],produces=[],custom=[]}" onto public java.lang.Object zx.soft.tksdn.spring.controller.QueryController.queryData(javax.servlet.http.HttpServletRequest)
2016-04-18 14:38:23,011 [main] INFO  o.s.w.s.m.m.a.RequestMappingHandlerAdapter [Line:523] - Looking for @ControllerAdvice: Root WebApplicationContext: startup date [Mon Apr 18 14:38:22 CST 2016]; root of context hierarchy
2016-04-18 14:38:23,043 [main] INFO  o.s.w.s.m.m.a.RequestMappingHandlerAdapter [Line:523] - Looking for @ControllerAdvice: Root WebApplicationContext: startup date [Mon Apr 18 14:38:22 CST 2016]; root of context hierarchy
2016-04-18 14:38:23,083 [main] INFO  o.s.web.context.ContextLoader [Line:325] - Root WebApplicationContext: initialization completed in 909 ms
2016-04-18 14:38:23,087 [main] INFO  / [Line:2052] - Initializing Spring FrameworkServlet 'org.springframework.web.servlet.DispatcherServlet-42d8062c'
2016-04-18 14:38:23,087 [main] INFO  o.s.web.servlet.DispatcherServlet [Line:484] - FrameworkServlet 'org.springframework.web.servlet.DispatcherServlet-42d8062c': initialization started
2016-04-18 14:38:23,106 [main] INFO  o.s.web.servlet.DispatcherServlet [Line:503] - FrameworkServlet 'org.springframework.web.servlet.DispatcherServlet-42d8062c': initialization completed in 18 ms
2016-04-18 14:38:23,107 [main] INFO  o.e.j.server.handler.ContextHandler [Line:744] - Started o.e.j.s.ServletContextHandler@536aaa8d{/,file:/home/lb/workspace/tksdn-search/tksdn-springdemo/target/classes/webapp/,AVAILABLE}
2016-04-18 14:38:23,153 [main] INFO  o.e.jetty.server.ServerConnector [Line:266] - Started ServerConnector@4f7d0008{HTTP/1.1}{0.0.0.0:8900}
2016-04-18 14:38:23,154 [main] INFO  org.eclipse.jetty.server.Server [Line:379] - Started @1560ms
2016-04-18 14:38:23,154 [main] INFO  z.s.t.spring.server.QueryApiServer [Line:62 ] - Server started at port 8900
2016-04-18 14:38:30,260 [qtp459296537-11 - /es/query?q=+%E5%85%9A-%E4%BA%94&hlfl=content] INFO  z.s.t.s.controller.QueryController [Line:41 ] - QueryParams [indexName=tekuan, indexType=record, preferenceType=, searchType=, includes=null, q= 党-五, termAgg=, dateHistAgg=, term=, value=, hlfl=content, rangeFiled=, rangeStart=, rangeEnd=, timeZone=, sort=, from=0, size=10]
2016-04-18 14:38:30,271 [qtp459296537-11 - /es/query?q=+%E5%85%9A-%E4%BA%94&hlfl=content] INFO  zx.soft.utils.config.ConfigUtil [Line:33 ] - Load resource: utils.properties
2016-04-18 14:38:30,272 [qtp459296537-11 - /es/query?q=+%E5%85%9A-%E4%BA%94&hlfl=content] INFO  zx.soft.utils.config.ConfigUtil [Line:33 ] - Load resource: elasticsearch.properties
2016-04-18 14:38:30,354 [qtp459296537-11 - /es/query?q=+%E5%85%9A-%E4%BA%94&hlfl=content] INFO  org.elasticsearch.plugins [Line:180] - [Crusher] modules [], plugins [], sites []
2016-04-18 14:38:31,290 [qtp459296537-11 - /es/query?q=+%E5%85%9A-%E4%BA%94&hlfl=content] INFO  zx.soft.tksdn.es.query.ESQueryCore [Line:86 ] - numFound=926568
2016-04-18 14:38:31,290 [qtp459296537-11 - /es/query?q=+%E5%85%9A-%E4%BA%94&hlfl=content] INFO  zx.soft.tksdn.es.query.ESQueryCore [Line:87 ] - QTime=63
2016-04-18 14:38:56,902 [main] INFO  org.eclipse.jetty.util.log [Line:186] - Logging initialized @535ms
2016-04-18 14:38:57,018 [main] INFO  org.eclipse.jetty.server.Server [Line:327] - jetty-9.2.10.v20150310
2016-04-18 14:38:57,058 [main] INFO  / [Line:2052] - Initializing Spring root WebApplicationContext
2016-04-18 14:38:57,059 [main] INFO  o.s.web.context.ContextLoader [Line:285] - Root WebApplicationContext: initialization started
2016-04-18 14:38:57,141 [main] INFO  o.s.w.c.s.XmlWebApplicationContext [Line:510] - Refreshing Root WebApplicationContext: startup date [Mon Apr 18 14:38:57 CST 2016]; root of context hierarchy
2016-04-18 14:38:57,179 [main] INFO  o.s.b.f.xml.XmlBeanDefinitionReader [Line:317] - Loading XML bean definitions from ServletContext resource [/WEB-INF/applicationContext.xml]
2016-04-18 14:38:57,502 [main] INFO  o.s.b.f.a.AutowiredAnnotationBeanPostProcessor [Line:153] - JSR-330 'javax.inject.Inject' annotation found and supported for autowiring
2016-04-18 14:38:57,746 [main] INFO  o.s.w.s.m.m.a.RequestMappingHandlerMapping [Line:220] - Mapped "{[/es/query],methods=[GET],params=[],headers=[],consumes=[],produces=[],custom=[]}" onto public java.lang.Object zx.soft.tksdn.spring.controller.QueryController.queryData(javax.servlet.http.HttpServletRequest)
2016-04-18 14:38:58,177 [main] INFO  o.s.w.s.m.m.a.RequestMappingHandlerAdapter [Line:523] - Looking for @ControllerAdvice: Root WebApplicationContext: startup date [Mon Apr 18 14:38:57 CST 2016]; root of context hierarchy
2016-04-18 14:38:58,217 [main] INFO  o.s.w.s.m.m.a.RequestMappingHandlerAdapter [Line:523] - Looking for @ControllerAdvice: Root WebApplicationContext: startup date [Mon Apr 18 14:38:57 CST 2016]; root of context hierarchy
2016-04-18 14:38:58,262 [main] INFO  o.s.web.context.ContextLoader [Line:325] - Root WebApplicationContext: initialization completed in 1203 ms
2016-04-18 14:38:58,328 [main] INFO  / [Line:2052] - Initializing Spring FrameworkServlet 'org.springframework.web.servlet.DispatcherServlet-157853da'
2016-04-18 14:38:58,328 [main] INFO  o.s.web.servlet.DispatcherServlet [Line:484] - FrameworkServlet 'org.springframework.web.servlet.DispatcherServlet-157853da': initialization started
2016-04-18 14:38:58,356 [main] INFO  o.s.web.servlet.DispatcherServlet [Line:503] - FrameworkServlet 'org.springframework.web.servlet.DispatcherServlet-157853da': initialization completed in 28 ms
2016-04-18 14:38:58,356 [main] INFO  o.e.j.server.handler.ContextHandler [Line:744] - Started o.e.j.s.ServletContextHandler@291caca8{/,file:/home/lb/workspace/tksdn-search/tksdn-springdemo/target/classes/webapp/,AVAILABLE}
2016-04-18 14:38:58,370 [main] INFO  o.e.jetty.server.ServerConnector [Line:266] - Started ServerConnector@2a65fe7c{HTTP/1.1}{0.0.0.0:8900}
2016-04-18 14:38:58,371 [main] INFO  org.eclipse.jetty.server.Server [Line:379] - Started @2005ms
2016-04-18 14:38:58,371 [main] INFO  z.s.t.spring.server.QueryApiServer [Line:62 ] - Server started at port 8900
2016-04-18 14:39:01,158 [qtp1002021887-16 - /es/query?q=+%E5%85%9A-%E4%BA%94&hlfl=content] INFO  z.s.t.s.controller.QueryController [Line:41 ] - QueryParams [indexName=tekuan, indexType=record, preferenceType=, searchType=, includes=null, q= 党-五, termAgg=, dateHistAgg=, term=, value=, hlfl=content, rangeFiled=, rangeStart=, rangeEnd=, timeZone=, sort=, from=0, size=10]
2016-04-18 14:40:14,857 [qtp1002021887-16 - /es/query?q=+%E5%85%9A-%E4%BA%94&hlfl=content] INFO  zx.soft.utils.config.ConfigUtil [Line:33 ] - Load resource: utils.properties
2016-04-18 14:40:14,871 [qtp1002021887-16 - /es/query?q=+%E5%85%9A-%E4%BA%94&hlfl=content] INFO  zx.soft.utils.config.ConfigUtil [Line:33 ] - Load resource: elasticsearch.properties
2016-04-18 14:40:17,899 [qtp1002021887-16 - /es/query?q=+%E5%85%9A-%E4%BA%94&hlfl=content] INFO  org.elasticsearch.plugins [Line:180] - [Dominus] modules [], plugins [], sites []
2016-04-18 14:47:07,086 [main] INFO  org.eclipse.jetty.util.log [Line:186] - Logging initialized @411ms
2016-04-18 14:47:07,192 [main] INFO  org.eclipse.jetty.server.Server [Line:327] - jetty-9.2.10.v20150310
2016-04-18 14:47:07,225 [main] INFO  / [Line:2052] - Initializing Spring root WebApplicationContext
2016-04-18 14:47:07,225 [main] INFO  o.s.web.context.ContextLoader [Line:285] - Root WebApplicationContext: initialization started
2016-04-18 14:47:07,278 [main] INFO  o.s.w.c.s.XmlWebApplicationContext [Line:510] - Refreshing Root WebApplicationContext: startup date [Mon Apr 18 14:47:07 CST 2016]; root of context hierarchy
2016-04-18 14:47:07,310 [main] INFO  o.s.b.f.xml.XmlBeanDefinitionReader [Line:317] - Loading XML bean definitions from ServletContext resource [/WEB-INF/applicationContext.xml]
2016-04-18 14:47:07,594 [main] INFO  o.s.b.f.a.AutowiredAnnotationBeanPostProcessor [Line:153] - JSR-330 'javax.inject.Inject' annotation found and supported for autowiring
2016-04-18 14:47:07,788 [main] INFO  o.s.w.s.m.m.a.RequestMappingHandlerMapping [Line:220] - Mapped "{[/es/query],methods=[GET],params=[],headers=[],consumes=[],produces=[],custom=[]}" onto public java.lang.Object zx.soft.tksdn.spring.controller.QueryController.queryData(javax.servlet.http.HttpServletRequest)
2016-04-18 14:47:08,103 [main] INFO  o.s.w.s.m.m.a.RequestMappingHandlerAdapter [Line:523] - Looking for @ControllerAdvice: Root WebApplicationContext: startup date [Mon Apr 18 14:47:07 CST 2016]; root of context hierarchy
2016-04-18 14:47:08,136 [main] INFO  o.s.w.s.m.m.a.RequestMappingHandlerAdapter [Line:523] - Looking for @ControllerAdvice: Root WebApplicationContext: startup date [Mon Apr 18 14:47:07 CST 2016]; root of context hierarchy
2016-04-18 14:47:08,174 [main] INFO  o.s.web.context.ContextLoader [Line:325] - Root WebApplicationContext: initialization completed in 949 ms
2016-04-18 14:47:08,178 [main] INFO  / [Line:2052] - Initializing Spring FrameworkServlet 'org.springframework.web.servlet.DispatcherServlet-42d8062c'
2016-04-18 14:47:08,178 [main] INFO  o.s.web.servlet.DispatcherServlet [Line:484] - FrameworkServlet 'org.springframework.web.servlet.DispatcherServlet-42d8062c': initialization started
2016-04-18 14:47:08,196 [main] INFO  o.s.web.servlet.DispatcherServlet [Line:503] - FrameworkServlet 'org.springframework.web.servlet.DispatcherServlet-42d8062c': initialization completed in 18 ms
2016-04-18 14:47:08,197 [main] INFO  o.e.j.server.handler.ContextHandler [Line:744] - Started o.e.j.s.ServletContextHandler@536aaa8d{/,file:/home/lb/workspace/tksdn-search/tksdn-springdemo/target/classes/webapp/,AVAILABLE}
2016-04-18 14:47:08,245 [main] INFO  o.e.jetty.server.ServerConnector [Line:266] - Started ServerConnector@4f7d0008{HTTP/1.1}{0.0.0.0:8900}
2016-04-18 14:47:08,246 [main] INFO  org.eclipse.jetty.server.Server [Line:379] - Started @1573ms
2016-04-18 14:47:08,246 [main] INFO  z.s.t.spring.server.QueryApiServer [Line:62 ] - Server started at port 8900
2016-04-18 14:47:11,180 [qtp459296537-14 - /es/query?q=+%E5%85%9A-%E4%BA%94&hlfl=content] INFO  z.s.t.s.controller.QueryController [Line:41 ] - QueryParams [indexName=tekuan, indexType=record, preferenceType=, searchType=, includes=null, q= 党-五, termAgg=, dateHistAgg=, term=, value=, hlfl=content, rangeFiled=, rangeStart=, rangeEnd=, timeZone=, sort=, from=0, size=10]
2016-04-18 14:47:11,192 [qtp459296537-14 - /es/query?q=+%E5%85%9A-%E4%BA%94&hlfl=content] INFO  zx.soft.utils.config.ConfigUtil [Line:33 ] - Load resource: utils.properties
2016-04-18 14:47:11,193 [qtp459296537-14 - /es/query?q=+%E5%85%9A-%E4%BA%94&hlfl=content] INFO  zx.soft.utils.config.ConfigUtil [Line:33 ] - Load resource: elasticsearch.properties
2016-04-18 14:47:11,275 [qtp459296537-14 - /es/query?q=+%E5%85%9A-%E4%BA%94&hlfl=content] INFO  org.elasticsearch.plugins [Line:180] - [Odin] modules [], plugins [], sites []
2016-04-18 14:47:12,231 [qtp459296537-14 - /es/query?q=+%E5%85%9A-%E4%BA%94&hlfl=content] INFO  zx.soft.tksdn.es.query.ESQueryCore [Line:86 ] - numFound=185314
2016-04-18 14:47:12,232 [qtp459296537-14 - /es/query?q=+%E5%85%9A-%E4%BA%94&hlfl=content] INFO  zx.soft.tksdn.es.query.ESQueryCore [Line:87 ] - QTime=83
2016-04-18 14:47:36,465 [qtp459296537-13 - /es/query?q=+%E5%85%9A-%E4%BA%94-%E6%96%87%E6%98%8E&hlfl=content] INFO  z.s.t.s.controller.QueryController [Line:41 ] - QueryParams [indexName=tekuan, indexType=record, preferenceType=, searchType=, includes=null, q= 党-五-文明, termAgg=, dateHistAgg=, term=, value=, hlfl=content, rangeFiled=, rangeStart=, rangeEnd=, timeZone=, sort=, from=0, size=10]
2016-04-18 14:47:36,782 [qtp459296537-13 - /es/query?q=+%E5%85%9A-%E4%BA%94-%E6%96%87%E6%98%8E&hlfl=content] INFO  zx.soft.tksdn.es.query.ESQueryCore [Line:86 ] - numFound=92657
2016-04-18 14:47:36,783 [qtp459296537-13 - /es/query?q=+%E5%85%9A-%E4%BA%94-%E6%96%87%E6%98%8E&hlfl=content] INFO  zx.soft.tksdn.es.query.ESQueryCore [Line:87 ] - QTime=306
2016-04-18 14:48:13,830 [qtp459296537-13 - /es/query?q=%E5%85%9A-%E4%BA%94-%E6%96%87%E6%98%8E&hlfl=content] INFO  z.s.t.s.controller.QueryController [Line:41 ] - QueryParams [indexName=tekuan, indexType=record, preferenceType=, searchType=, includes=null, q=党-五-文明, termAgg=, dateHistAgg=, term=, value=, hlfl=content, rangeFiled=, rangeStart=, rangeEnd=, timeZone=, sort=, from=0, size=10]
2016-04-18 14:48:13,883 [qtp459296537-13 - /es/query?q=%E5%85%9A-%E4%BA%94-%E6%96%87%E6%98%8E&hlfl=content] INFO  zx.soft.tksdn.es.query.ESQueryCore [Line:86 ] - numFound=92657
2016-04-18 14:48:13,883 [qtp459296537-13 - /es/query?q=%E5%85%9A-%E4%BA%94-%E6%96%87%E6%98%8E&hlfl=content] INFO  zx.soft.tksdn.es.query.ESQueryCore [Line:87 ] - QTime=45
2016-04-18 14:48:23,326 [qtp459296537-11 - /es/query?q=%E5%85%9A+%E7%BC%96%E8%80%85-%E4%BA%94-%E6%96%87%E6%98%8E&hlfl=content] INFO  z.s.t.s.controller.QueryController [Line:41 ] - QueryParams [indexName=tekuan, indexType=record, preferenceType=, searchType=, includes=null, q=党 编者-五-文明, termAgg=, dateHistAgg=, term=, value=, hlfl=content, rangeFiled=, rangeStart=, rangeEnd=, timeZone=, sort=, from=0, size=10]
2016-04-18 14:48:23,413 [qtp459296537-11 - /es/query?q=%E5%85%9A+%E7%BC%96%E8%80%85-%E4%BA%94-%E6%96%87%E6%98%8E&hlfl=content] INFO  zx.soft.tksdn.es.query.ESQueryCore [Line:86 ] - numFound=92657
2016-04-18 14:48:23,413 [qtp459296537-11 - /es/query?q=%E5%85%9A+%E7%BC%96%E8%80%85-%E4%BA%94-%E6%96%87%E6%98%8E&hlfl=content] INFO  zx.soft.tksdn.es.query.ESQueryCore [Line:87 ] - QTime=77
2016-04-18 14:50:48,460 [main] INFO  org.eclipse.jetty.util.log [Line:186] - Logging initialized @371ms
2016-04-18 14:50:48,561 [main] INFO  org.eclipse.jetty.server.Server [Line:327] - jetty-9.2.10.v20150310
2016-04-18 14:50:48,594 [main] INFO  / [Line:2052] - Initializing Spring root WebApplicationContext
2016-04-18 14:50:48,594 [main] INFO  o.s.web.context.ContextLoader [Line:285] - Root WebApplicationContext: initialization started
2016-04-18 14:50:48,653 [main] INFO  o.s.w.c.s.XmlWebApplicationContext [Line:510] - Refreshing Root WebApplicationContext: startup date [Mon Apr 18 14:50:48 CST 2016]; root of context hierarchy
2016-04-18 14:50:48,688 [main] INFO  o.s.b.f.xml.XmlBeanDefinitionReader [Line:317] - Loading XML bean definitions from ServletContext resource [/WEB-INF/applicationContext.xml]
2016-04-18 14:50:48,971 [main] INFO  o.s.b.f.a.AutowiredAnnotationBeanPostProcessor [Line:153] - JSR-330 'javax.inject.Inject' annotation found and supported for autowiring
2016-04-18 14:50:49,156 [main] INFO  o.s.w.s.m.m.a.RequestMappingHandlerMapping [Line:220] - Mapped "{[/es/query],methods=[GET],params=[],headers=[],consumes=[],produces=[],custom=[]}" onto public java.lang.Object zx.soft.tksdn.spring.controller.QueryController.queryData(javax.servlet.http.HttpServletRequest)
2016-04-18 14:50:49,431 [main] INFO  o.s.w.s.m.m.a.RequestMappingHandlerAdapter [Line:523] - Looking for @ControllerAdvice: Root WebApplicationContext: startup date [Mon Apr 18 14:50:48 CST 2016]; root of context hierarchy
2016-04-18 14:50:49,469 [main] INFO  o.s.w.s.m.m.a.RequestMappingHandlerAdapter [Line:523] - Looking for @ControllerAdvice: Root WebApplicationContext: startup date [Mon Apr 18 14:50:48 CST 2016]; root of context hierarchy
2016-04-18 14:50:49,503 [main] INFO  o.s.web.context.ContextLoader [Line:325] - Root WebApplicationContext: initialization completed in 909 ms
2016-04-18 14:50:49,507 [main] INFO  / [Line:2052] - Initializing Spring FrameworkServlet 'org.springframework.web.servlet.DispatcherServlet-42d8062c'
2016-04-18 14:50:49,507 [main] INFO  o.s.web.servlet.DispatcherServlet [Line:484] - FrameworkServlet 'org.springframework.web.servlet.DispatcherServlet-42d8062c': initialization started
2016-04-18 14:50:49,525 [main] INFO  o.s.web.servlet.DispatcherServlet [Line:503] - FrameworkServlet 'org.springframework.web.servlet.DispatcherServlet-42d8062c': initialization completed in 17 ms
2016-04-18 14:50:49,526 [main] INFO  o.e.j.server.handler.ContextHandler [Line:744] - Started o.e.j.s.ServletContextHandler@536aaa8d{/,file:/home/lb/workspace/tksdn-search/tksdn-springdemo/target/classes/webapp/,AVAILABLE}
2016-04-18 14:50:49,577 [main] INFO  o.e.jetty.server.ServerConnector [Line:266] - Started ServerConnector@4f7d0008{HTTP/1.1}{0.0.0.0:8900}
2016-04-18 14:50:49,578 [main] INFO  org.eclipse.jetty.server.Server [Line:379] - Started @1491ms
2016-04-18 14:50:49,578 [main] INFO  z.s.t.spring.server.QueryApiServer [Line:62 ] - Server started at port 8900
2016-04-18 14:50:56,773 [qtp459296537-13 - /es/query?q=%E5%85%9A+%E7%BC%96%E8%80%85-%E4%BA%94-%E6%96%87%E6%98%8E&hlfl=content] INFO  z.s.t.s.controller.QueryController [Line:41 ] - QueryParams [indexName=tekuan, indexType=record, preferenceType=, searchType=, includes=null, q=党 编者-五-文明, termAgg=, dateHistAgg=, term=, value=, hlfl=content, rangeFiled=, rangeStart=, rangeEnd=, timeZone=, sort=, from=0, size=10]
2016-04-18 14:50:56,783 [qtp459296537-13 - /es/query?q=%E5%85%9A+%E7%BC%96%E8%80%85-%E4%BA%94-%E6%96%87%E6%98%8E&hlfl=content] INFO  zx.soft.utils.config.ConfigUtil [Line:33 ] - Load resource: utils.properties
2016-04-18 14:50:56,784 [qtp459296537-13 - /es/query?q=%E5%85%9A+%E7%BC%96%E8%80%85-%E4%BA%94-%E6%96%87%E6%98%8E&hlfl=content] INFO  zx.soft.utils.config.ConfigUtil [Line:33 ] - Load resource: elasticsearch.properties
2016-04-18 14:50:56,863 [qtp459296537-13 - /es/query?q=%E5%85%9A+%E7%BC%96%E8%80%85-%E4%BA%94-%E6%96%87%E6%98%8E&hlfl=content] INFO  org.elasticsearch.plugins [Line:180] - [Citizen V] modules [], plugins [], sites []
2016-04-18 14:50:57,865 [qtp459296537-13 - /es/query?q=%E5%85%9A+%E7%BC%96%E8%80%85-%E4%BA%94-%E6%96%87%E6%98%8E&hlfl=content] INFO  zx.soft.tksdn.es.query.ESQueryCore [Line:86 ] - numFound=92657
2016-04-18 14:50:57,866 [qtp459296537-13 - /es/query?q=%E5%85%9A+%E7%BC%96%E8%80%85-%E4%BA%94-%E6%96%87%E6%98%8E&hlfl=content] INFO  zx.soft.tksdn.es.query.ESQueryCore [Line:87 ] - QTime=99
2016-04-18 14:51:34,314 [qtp459296537-16 - /es/query?q=%E5%85%9A+%E5%A8%B1%E4%B9%90-%E4%BA%94-%E6%96%87%E6%98%8E&hlfl=content] INFO  z.s.t.s.controller.QueryController [Line:41 ] - QueryParams [indexName=tekuan, indexType=record, preferenceType=, searchType=, includes=null, q=党 娱乐-五-文明, termAgg=, dateHistAgg=, term=, value=, hlfl=content, rangeFiled=, rangeStart=, rangeEnd=, timeZone=, sort=, from=0, size=10]
2016-04-18 14:51:34,384 [qtp459296537-16 - /es/query?q=%E5%85%9A+%E5%A8%B1%E4%B9%90-%E4%BA%94-%E6%96%87%E6%98%8E&hlfl=content] INFO  zx.soft.tksdn.es.query.ESQueryCore [Line:86 ] - numFound=92657
2016-04-18 14:51:34,385 [qtp459296537-16 - /es/query?q=%E5%85%9A+%E5%A8%B1%E4%B9%90-%E4%BA%94-%E6%96%87%E6%98%8E&hlfl=content] INFO  zx.soft.tksdn.es.query.ESQueryCore [Line:87 ] - QTime=53
2016-04-18 14:51:48,156 [qtp459296537-17 - /es/query?q=%E5%85%9AAND%E5%A8%B1%E4%B9%90-%E4%BA%94-%E6%96%87%E6%98%8E&hlfl=content] INFO  z.s.t.s.controller.QueryController [Line:41 ] - QueryParams [indexName=tekuan, indexType=record, preferenceType=, searchType=, includes=null, q=党AND娱乐-五-文明, termAgg=, dateHistAgg=, term=, value=, hlfl=content, rangeFiled=, rangeStart=, rangeEnd=, timeZone=, sort=, from=0, size=10]
2016-04-18 14:51:48,162 [qtp459296537-17 - /es/query?q=%E5%85%9AAND%E5%A8%B1%E4%B9%90-%E4%BA%94-%E6%96%87%E6%98%8E&hlfl=content] INFO  zx.soft.tksdn.es.query.ESQueryCore [Line:86 ] - numFound=0
2016-04-18 14:51:48,162 [qtp459296537-17 - /es/query?q=%E5%85%9AAND%E5%A8%B1%E4%B9%90-%E4%BA%94-%E6%96%87%E6%98%8E&hlfl=content] INFO  zx.soft.tksdn.es.query.ESQueryCore [Line:87 ] - QTime=4
2016-04-18 14:51:53,442 [qtp459296537-13 - /es/query?q=%E5%85%9Aor%E5%A8%B1%E4%B9%90-%E4%BA%94-%E6%96%87%E6%98%8E&hlfl=content] INFO  z.s.t.s.controller.QueryController [Line:41 ] - QueryParams [indexName=tekuan, indexType=record, preferenceType=, searchType=, includes=null, q=党or娱乐-五-文明, termAgg=, dateHistAgg=, term=, value=, hlfl=content, rangeFiled=, rangeStart=, rangeEnd=, timeZone=, sort=, from=0, size=10]
2016-04-18 14:51:53,526 [qtp459296537-13 - /es/query?q=%E5%85%9Aor%E5%A8%B1%E4%B9%90-%E4%BA%94-%E6%96%87%E6%98%8E&hlfl=content] INFO  zx.soft.tksdn.es.query.ESQueryCore [Line:86 ] - numFound=92657
2016-04-18 14:51:53,526 [qtp459296537-13 - /es/query?q=%E5%85%9Aor%E5%A8%B1%E4%B9%90-%E4%BA%94-%E6%96%87%E6%98%8E&hlfl=content] INFO  zx.soft.tksdn.es.query.ESQueryCore [Line:87 ] - QTime=76
2016-04-18 14:52:15,519 [qtp459296537-14 - /es/query?q=%E5%85%9Aor%E4%B9%A6%E8%AE%B0-%E4%BA%94-%E6%96%87%E6%98%8E&hlfl=content] INFO  z.s.t.s.controller.QueryController [Line:41 ] - QueryParams [indexName=tekuan, indexType=record, preferenceType=, searchType=, includes=null, q=党or书记-五-文明, termAgg=, dateHistAgg=, term=, value=, hlfl=content, rangeFiled=, rangeStart=, rangeEnd=, timeZone=, sort=, from=0, size=10]
2016-04-18 14:52:15,689 [qtp459296537-14 - /es/query?q=%E5%85%9Aor%E4%B9%A6%E8%AE%B0-%E4%BA%94-%E6%96%87%E6%98%8E&hlfl=content] INFO  zx.soft.tksdn.es.query.ESQueryCore [Line:86 ] - numFound=277971
2016-04-18 14:52:15,689 [qtp459296537-14 - /es/query?q=%E5%85%9Aor%E4%B9%A6%E8%AE%B0-%E4%BA%94-%E6%96%87%E6%98%8E&hlfl=content] INFO  zx.soft.tksdn.es.query.ESQueryCore [Line:87 ] - QTime=162
2016-04-18 14:52:27,011 [qtp459296537-15 - /es/query?q=%E5%85%9A&hlfl=content] INFO  z.s.t.s.controller.QueryController [Line:41 ] - QueryParams [indexName=tekuan, indexType=record, preferenceType=, searchType=, includes=null, q=党, termAgg=, dateHistAgg=, term=, value=, hlfl=content, rangeFiled=, rangeStart=, rangeEnd=, timeZone=, sort=, from=0, size=10]
2016-04-18 14:52:27,051 [qtp459296537-15 - /es/query?q=%E5%85%9A&hlfl=content] INFO  zx.soft.tksdn.es.query.ESQueryCore [Line:86 ] - numFound=370628
2016-04-18 14:52:27,052 [qtp459296537-15 - /es/query?q=%E5%85%9A&hlfl=content] INFO  zx.soft.tksdn.es.query.ESQueryCore [Line:87 ] - QTime=35
2016-04-18 14:52:39,831 [qtp459296537-17 - /es/query?q=%E5%85%9Anot%E5%85%A8%E4%BC%9A&hlfl=content] INFO  z.s.t.s.controller.QueryController [Line:41 ] - QueryParams [indexName=tekuan, indexType=record, preferenceType=, searchType=, includes=null, q=党not全会, termAgg=, dateHistAgg=, term=, value=, hlfl=content, rangeFiled=, rangeStart=, rangeEnd=, timeZone=, sort=, from=0, size=10]
2016-04-18 14:52:39,885 [qtp459296537-17 - /es/query?q=%E5%85%9Anot%E5%85%A8%E4%BC%9A&hlfl=content] INFO  zx.soft.tksdn.es.query.ESQueryCore [Line:86 ] - numFound=185314
2016-04-18 14:52:39,885 [qtp459296537-17 - /es/query?q=%E5%85%9Anot%E5%85%A8%E4%BC%9A&hlfl=content] INFO  zx.soft.tksdn.es.query.ESQueryCore [Line:87 ] - QTime=48
2016-04-18 14:53:17,992 [main] INFO  org.eclipse.jetty.util.log [Line:186] - Logging initialized @406ms
2016-04-18 14:53:18,103 [main] INFO  org.eclipse.jetty.server.Server [Line:327] - jetty-9.2.10.v20150310
2016-04-18 14:53:18,128 [main] INFO  / [Line:2052] - Initializing Spring root WebApplicationContext
2016-04-18 14:53:18,129 [main] INFO  o.s.web.context.ContextLoader [Line:285] - Root WebApplicationContext: initialization started
2016-04-18 14:53:18,186 [main] INFO  o.s.w.c.s.XmlWebApplicationContext [Line:510] - Refreshing Root WebApplicationContext: startup date [Mon Apr 18 14:53:18 CST 2016]; root of context hierarchy
2016-04-18 14:53:18,216 [main] INFO  o.s.b.f.xml.XmlBeanDefinitionReader [Line:317] - Loading XML bean definitions from ServletContext resource [/WEB-INF/applicationContext.xml]
2016-04-18 14:53:18,518 [main] INFO  o.s.b.f.a.AutowiredAnnotationBeanPostProcessor [Line:153] - JSR-330 'javax.inject.Inject' annotation found and supported for autowiring
2016-04-18 14:53:18,702 [main] INFO  o.s.w.s.m.m.a.RequestMappingHandlerMapping [Line:220] - Mapped "{[/es/query],methods=[GET],params=[],headers=[],consumes=[],produces=[],custom=[]}" onto public java.lang.Object zx.soft.tksdn.spring.controller.QueryController.queryData(javax.servlet.http.HttpServletRequest)
2016-04-18 14:53:18,978 [main] INFO  o.s.w.s.m.m.a.RequestMappingHandlerAdapter [Line:523] - Looking for @ControllerAdvice: Root WebApplicationContext: startup date [Mon Apr 18 14:53:18 CST 2016]; root of context hierarchy
2016-04-18 14:53:19,011 [main] INFO  o.s.w.s.m.m.a.RequestMappingHandlerAdapter [Line:523] - Looking for @ControllerAdvice: Root WebApplicationContext: startup date [Mon Apr 18 14:53:18 CST 2016]; root of context hierarchy
2016-04-18 14:53:19,050 [main] INFO  o.s.web.context.ContextLoader [Line:325] - Root WebApplicationContext: initialization completed in 921 ms
2016-04-18 14:53:19,054 [main] INFO  / [Line:2052] - Initializing Spring FrameworkServlet 'org.springframework.web.servlet.DispatcherServlet-42d8062c'
2016-04-18 14:53:19,054 [main] INFO  o.s.web.servlet.DispatcherServlet [Line:484] - FrameworkServlet 'org.springframework.web.servlet.DispatcherServlet-42d8062c': initialization started
2016-04-18 14:53:19,076 [main] INFO  o.s.web.servlet.DispatcherServlet [Line:503] - FrameworkServlet 'org.springframework.web.servlet.DispatcherServlet-42d8062c': initialization completed in 22 ms
2016-04-18 14:53:19,076 [main] INFO  o.e.j.server.handler.ContextHandler [Line:744] - Started o.e.j.s.ServletContextHandler@536aaa8d{/,file:/home/lb/workspace/tksdn-search/tksdn-springdemo/target/classes/webapp/,AVAILABLE}
2016-04-18 14:53:19,138 [main] INFO  o.e.jetty.server.ServerConnector [Line:266] - Started ServerConnector@4f7d0008{HTTP/1.1}{0.0.0.0:8900}
2016-04-18 14:53:19,139 [main] INFO  org.eclipse.jetty.server.Server [Line:379] - Started @1554ms
2016-04-18 14:53:19,139 [main] INFO  z.s.t.spring.server.QueryApiServer [Line:62 ] - Server started at port 8900
2016-04-18 14:53:22,245 [qtp459296537-17 - /es/query?q=%E5%85%9Anot%E5%85%A8%E4%BC%9A&hlfl=content] INFO  z.s.t.s.controller.QueryController [Line:41 ] - QueryParams [indexName=tekuan, indexType=record, preferenceType=, searchType=, includes=null, q=党not全会, termAgg=, dateHistAgg=, term=, value=, hlfl=content, rangeFiled=, rangeStart=, rangeEnd=, timeZone=, sort=, from=0, size=10]
2016-04-18 14:53:22,258 [qtp459296537-17 - /es/query?q=%E5%85%9Anot%E5%85%A8%E4%BC%9A&hlfl=content] INFO  zx.soft.utils.config.ConfigUtil [Line:33 ] - Load resource: utils.properties
2016-04-18 14:53:22,259 [qtp459296537-17 - /es/query?q=%E5%85%9Anot%E5%85%A8%E4%BC%9A&hlfl=content] INFO  zx.soft.utils.config.ConfigUtil [Line:33 ] - Load resource: elasticsearch.properties
2016-04-18 14:53:22,345 [qtp459296537-17 - /es/query?q=%E5%85%9Anot%E5%85%A8%E4%BC%9A&hlfl=content] INFO  org.elasticsearch.plugins [Line:180] - [Gorgeous George] modules [], plugins [], sites []
2016-04-18 14:53:23,243 [qtp459296537-17 - /es/query?q=%E5%85%9Anot%E5%85%A8%E4%BC%9A&hlfl=content] INFO  zx.soft.tksdn.es.query.ESQueryCore [Line:86 ] - numFound=185314
2016-04-18 14:53:23,243 [qtp459296537-17 - /es/query?q=%E5%85%9Anot%E5%85%A8%E4%BC%9A&hlfl=content] INFO  zx.soft.tksdn.es.query.ESQueryCore [Line:87 ] - QTime=34
2016-04-18 14:53:40,804 [qtp459296537-13 - /es/query?q=%E5%85%9Aand%E5%86%9B%E4%BA%8Bnot%E5%85%A8%E4%BC%9A&hlfl=content] INFO  z.s.t.s.controller.QueryController [Line:41 ] - QueryParams [indexName=tekuan, indexType=record, preferenceType=, searchType=, includes=null, q=党and军事not全会, termAgg=, dateHistAgg=, term=, value=, hlfl=content, rangeFiled=, rangeStart=, rangeEnd=, timeZone=, sort=, from=0, size=10]
2016-04-18 14:53:40,814 [qtp459296537-13 - /es/query?q=%E5%85%9Aand%E5%86%9B%E4%BA%8Bnot%E5%85%A8%E4%BC%9A&hlfl=content] INFO  zx.soft.tksdn.es.query.ESQueryCore [Line:86 ] - numFound=0
2016-04-18 14:53:40,814 [qtp459296537-13 - /es/query?q=%E5%85%9Aand%E5%86%9B%E4%BA%8Bnot%E5%85%A8%E4%BC%9A&hlfl=content] INFO  zx.soft.tksdn.es.query.ESQueryCore [Line:87 ] - QTime=8
2016-04-18 14:53:53,022 [qtp459296537-11 - /es/query?q=%E5%85%9Aor%E5%86%9B%E4%BA%8Bnot%E5%85%A8%E4%BC%9A&hlfl=content] INFO  z.s.t.s.controller.QueryController [Line:41 ] - QueryParams [indexName=tekuan, indexType=record, preferenceType=, searchType=, includes=null, q=党or军事not全会, termAgg=, dateHistAgg=, term=, value=, hlfl=content, rangeFiled=, rangeStart=, rangeEnd=, timeZone=, sort=, from=0, size=10]
2016-04-18 14:53:53,078 [qtp459296537-11 - /es/query?q=%E5%85%9Aor%E5%86%9B%E4%BA%8Bnot%E5%85%A8%E4%BC%9A&hlfl=content] INFO  zx.soft.tksdn.es.query.ESQueryCore [Line:86 ] - numFound=277970
2016-04-18 14:53:53,078 [qtp459296537-11 - /es/query?q=%E5%85%9Aor%E5%86%9B%E4%BA%8Bnot%E5%85%A8%E4%BC%9A&hlfl=content] INFO  zx.soft.tksdn.es.query.ESQueryCore [Line:87 ] - QTime=44
2016-04-18 14:54:07,919 [qtp459296537-12 - /es/query?q=%E5%85%9Aor%E5%86%9B%E4%BA%8Bnot%E5%85%A8%E4%BC%9A&hlfl=content,keyword] INFO  z.s.t.s.controller.QueryController [Line:41 ] - QueryParams [indexName=tekuan, indexType=record, preferenceType=, searchType=, includes=null, q=党or军事not全会, termAgg=, dateHistAgg=, term=, value=, hlfl=content,keyword, rangeFiled=, rangeStart=, rangeEnd=, timeZone=, sort=, from=0, size=10]
2016-04-18 14:54:07,980 [qtp459296537-12 - /es/query?q=%E5%85%9Aor%E5%86%9B%E4%BA%8Bnot%E5%85%A8%E4%BC%9A&hlfl=content,keyword] INFO  zx.soft.tksdn.es.query.ESQueryCore [Line:86 ] - numFound=277970
2016-04-18 14:54:07,980 [qtp459296537-12 - /es/query?q=%E5%85%9Aor%E5%86%9B%E4%BA%8Bnot%E5%85%A8%E4%BC%9A&hlfl=content,keyword] INFO  zx.soft.tksdn.es.query.ESQueryCore [Line:87 ] - QTime=54
2016-04-18 14:54:51,896 [main] INFO  org.eclipse.jetty.util.log [Line:186] - Logging initialized @438ms
2016-04-18 14:54:52,002 [main] INFO  org.eclipse.jetty.server.Server [Line:327] - jetty-9.2.10.v20150310
2016-04-18 14:54:52,029 [main] INFO  / [Line:2052] - Initializing Spring root WebApplicationContext
2016-04-18 14:54:52,029 [main] INFO  o.s.web.context.ContextLoader [Line:285] - Root WebApplicationContext: initialization started
2016-04-18 14:54:52,091 [main] INFO  o.s.w.c.s.XmlWebApplicationContext [Line:510] - Refreshing Root WebApplicationContext: startup date [Mon Apr 18 14:54:52 CST 2016]; root of context hierarchy
2016-04-18 14:54:52,120 [main] INFO  o.s.b.f.xml.XmlBeanDefinitionReader [Line:317] - Loading XML bean definitions from ServletContext resource [/WEB-INF/applicationContext.xml]
2016-04-18 14:54:52,394 [main] INFO  o.s.b.f.a.AutowiredAnnotationBeanPostProcessor [Line:153] - JSR-330 'javax.inject.Inject' annotation found and supported for autowiring
2016-04-18 14:54:52,578 [main] INFO  o.s.w.s.m.m.a.RequestMappingHandlerMapping [Line:220] - Mapped "{[/es/query],methods=[GET],params=[],headers=[],consumes=[],produces=[],custom=[]}" onto public java.lang.Object zx.soft.tksdn.spring.controller.QueryController.queryData(javax.servlet.http.HttpServletRequest)
2016-04-18 14:54:52,862 [main] INFO  o.s.w.s.m.m.a.RequestMappingHandlerAdapter [Line:523] - Looking for @ControllerAdvice: Root WebApplicationContext: startup date [Mon Apr 18 14:54:52 CST 2016]; root of context hierarchy
2016-04-18 14:54:52,893 [main] INFO  o.s.w.s.m.m.a.RequestMappingHandlerAdapter [Line:523] - Looking for @ControllerAdvice: Root WebApplicationContext: startup date [Mon Apr 18 14:54:52 CST 2016]; root of context hierarchy
2016-04-18 14:54:52,928 [main] INFO  o.s.web.context.ContextLoader [Line:325] - Root WebApplicationContext: initialization completed in 899 ms
2016-04-18 14:54:52,932 [main] INFO  / [Line:2052] - Initializing Spring FrameworkServlet 'org.springframework.web.servlet.DispatcherServlet-42d8062c'
2016-04-18 14:54:52,932 [main] INFO  o.s.web.servlet.DispatcherServlet [Line:484] - FrameworkServlet 'org.springframework.web.servlet.DispatcherServlet-42d8062c': initialization started
2016-04-18 14:54:52,991 [main] INFO  o.s.web.servlet.DispatcherServlet [Line:503] - FrameworkServlet 'org.springframework.web.servlet.DispatcherServlet-42d8062c': initialization completed in 59 ms
2016-04-18 14:54:52,992 [main] INFO  o.e.j.server.handler.ContextHandler [Line:744] - Started o.e.j.s.ServletContextHandler@536aaa8d{/,file:/home/lb/workspace/tksdn-search/tksdn-springdemo/target/classes/webapp/,AVAILABLE}
2016-04-18 14:54:53,004 [main] INFO  o.e.jetty.server.ServerConnector [Line:266] - Started ServerConnector@4f7d0008{HTTP/1.1}{0.0.0.0:8900}
2016-04-18 14:54:53,005 [main] INFO  org.eclipse.jetty.server.Server [Line:379] - Started @1548ms
2016-04-18 14:54:53,005 [main] INFO  z.s.t.spring.server.QueryApiServer [Line:62 ] - Server started at port 8900
2016-04-18 14:54:55,275 [qtp459296537-12 - /es/query?q=%E5%85%9Aor%E5%86%9B%E4%BA%8Bnot%E5%85%A8%E4%BC%9A&hlfl=content,keyword] INFO  z.s.t.s.controller.QueryController [Line:41 ] - QueryParams [indexName=tekuan, indexType=record, preferenceType=, searchType=, includes=null, q=党or军事not全会, termAgg=, dateHistAgg=, term=, value=, hlfl=content,keyword, rangeFiled=, rangeStart=, rangeEnd=, timeZone=, sort=, from=0, size=10]
2016-04-18 14:54:55,287 [qtp459296537-12 - /es/query?q=%E5%85%9Aor%E5%86%9B%E4%BA%8Bnot%E5%85%A8%E4%BC%9A&hlfl=content,keyword] INFO  zx.soft.utils.config.ConfigUtil [Line:33 ] - Load resource: utils.properties
2016-04-18 14:54:55,287 [qtp459296537-12 - /es/query?q=%E5%85%9Aor%E5%86%9B%E4%BA%8Bnot%E5%85%A8%E4%BC%9A&hlfl=content,keyword] INFO  zx.soft.utils.config.ConfigUtil [Line:33 ] - Load resource: elasticsearch.properties
2016-04-18 14:54:55,371 [qtp459296537-12 - /es/query?q=%E5%85%9Aor%E5%86%9B%E4%BA%8Bnot%E5%85%A8%E4%BC%9A&hlfl=content,keyword] INFO  org.elasticsearch.plugins [Line:180] - [Krakkan] modules [], plugins [], sites []
2016-04-18 14:54:56,641 [qtp459296537-12 - /es/query?q=%E5%85%9Aor%E5%86%9B%E4%BA%8Bnot%E5%85%A8%E4%BC%9A&hlfl=content,keyword] INFO  zx.soft.tksdn.es.query.ESQueryCore [Line:86 ] - numFound=4013879
2016-04-18 14:54:56,642 [qtp459296537-12 - /es/query?q=%E5%85%9Aor%E5%86%9B%E4%BA%8Bnot%E5%85%A8%E4%BC%9A&hlfl=content,keyword] INFO  zx.soft.tksdn.es.query.ESQueryCore [Line:87 ] - QTime=394
2016-04-18 14:55:13,233 [qtp459296537-14 - /es/query?q=%E5%85%9AAND%E5%86%9B%E4%BA%8Bnot%E5%85%A8%E4%BC%9A&hlfl=content,keyword] INFO  z.s.t.s.controller.QueryController [Line:41 ] - QueryParams [indexName=tekuan, indexType=record, preferenceType=, searchType=, includes=null, q=党AND军事not全会, termAgg=, dateHistAgg=, term=, value=, hlfl=content,keyword, rangeFiled=, rangeStart=, rangeEnd=, timeZone=, sort=, from=0, size=10]
2016-04-18 14:55:13,314 [qtp459296537-14 - /es/query?q=%E5%85%9AAND%E5%86%9B%E4%BA%8Bnot%E5%85%A8%E4%BC%9A&hlfl=content,keyword] INFO  zx.soft.tksdn.es.query.ESQueryCore [Line:86 ] - numFound=30657
2016-04-18 14:55:13,314 [qtp459296537-14 - /es/query?q=%E5%85%9AAND%E5%86%9B%E4%BA%8Bnot%E5%85%A8%E4%BC%9A&hlfl=content,keyword] INFO  zx.soft.tksdn.es.query.ESQueryCore [Line:87 ] - QTime=68
2016-04-18 15:04:57,755 [qtp459296537-14 - /es/query?q=%E5%85%9Anot%E5%85%A8%E4%BC%9A&hlfl=content,keyword] INFO  z.s.t.s.controller.QueryController [Line:41 ] - QueryParams [indexName=tekuan, indexType=record, preferenceType=, searchType=, includes=null, q=党not全会, termAgg=, dateHistAgg=, term=, value=, hlfl=content,keyword, rangeFiled=, rangeStart=, rangeEnd=, timeZone=, sort=, from=0, size=10]
2016-04-18 15:04:57,803 [qtp459296537-14 - /es/query?q=%E5%85%9Anot%E5%85%A8%E4%BC%9A&hlfl=content,keyword] INFO  zx.soft.tksdn.es.query.ESQueryCore [Line:86 ] - numFound=185314
2016-04-18 15:04:57,803 [qtp459296537-14 - /es/query?q=%E5%85%9Anot%E5%85%A8%E4%BC%9A&hlfl=content,keyword] INFO  zx.soft.tksdn.es.query.ESQueryCore [Line:87 ] - QTime=40
2016-04-18 15:05:32,102 [qtp459296537-17 - /es/query?q=%E5%85%9Anot%E7%89%A9%E8%B4%A8&hlfl=content,keyword] INFO  z.s.t.s.controller.QueryController [Line:41 ] - QueryParams [indexName=tekuan, indexType=record, preferenceType=, searchType=, includes=null, q=党not物质, termAgg=, dateHistAgg=, term=, value=, hlfl=content,keyword, rangeFiled=, rangeStart=, rangeEnd=, timeZone=, sort=, from=0, size=10]
2016-04-18 15:05:32,472 [qtp459296537-17 - /es/query?q=%E5%85%9Anot%E7%89%A9%E8%B4%A8&hlfl=content,keyword] INFO  zx.soft.tksdn.es.query.ESQueryCore [Line:86 ] - numFound=277971
2016-04-18 15:05:32,473 [qtp459296537-17 - /es/query?q=%E5%85%9Anot%E7%89%A9%E8%B4%A8&hlfl=content,keyword] INFO  zx.soft.tksdn.es.query.ESQueryCore [Line:87 ] - QTime=363
2016-04-18 15:09:26,995 [qtp459296537-17 - /es/query?q=%E5%85%9A&hlfl=content,keyword] INFO  z.s.t.s.controller.QueryController [Line:41 ] - QueryParams [indexName=tekuan, indexType=record, preferenceType=, searchType=, includes=null, q=党, termAgg=, dateHistAgg=, term=, value=, hlfl=content,keyword, rangeFiled=, rangeStart=, rangeEnd=, timeZone=, sort=, from=0, size=10]
2016-04-18 15:09:27,041 [qtp459296537-17 - /es/query?q=%E5%85%9A&hlfl=content,keyword] INFO  zx.soft.tksdn.es.query.ESQueryCore [Line:86 ] - numFound=370628
2016-04-18 15:09:27,042 [qtp459296537-17 - /es/query?q=%E5%85%9A&hlfl=content,keyword] INFO  zx.soft.tksdn.es.query.ESQueryCore [Line:87 ] - QTime=37
2016-04-18 15:09:35,791 [qtp459296537-12 - /es/query?q=%E5%85%9Anot%E4%BA%94&hlfl=content,keyword] INFO  z.s.t.s.controller.QueryController [Line:41 ] - QueryParams [indexName=tekuan, indexType=record, preferenceType=, searchType=, includes=null, q=党not五, termAgg=, dateHistAgg=, term=, value=, hlfl=content,keyword, rangeFiled=, rangeStart=, rangeEnd=, timeZone=, sort=, from=0, size=10]
2016-04-18 15:09:35,843 [qtp459296537-12 - /es/query?q=%E5%85%9Anot%E4%BA%94&hlfl=content,keyword] INFO  zx.soft.tksdn.es.query.ESQueryCore [Line:86 ] - numFound=185314
2016-04-18 15:09:35,843 [qtp459296537-12 - /es/query?q=%E5%85%9Anot%E4%BA%94&hlfl=content,keyword] INFO  zx.soft.tksdn.es.query.ESQueryCore [Line:87 ] - QTime=46
2016-04-18 15:09:43,395 [qtp459296537-14 - /es/query?q=%E5%85%9Anot%E4%BA%94&hlfl=content] INFO  z.s.t.s.controller.QueryController [Line:41 ] - QueryParams [indexName=tekuan, indexType=record, preferenceType=, searchType=, includes=null, q=党not五, termAgg=, dateHistAgg=, term=, value=, hlfl=content, rangeFiled=, rangeStart=, rangeEnd=, timeZone=, sort=, from=0, size=10]
2016-04-18 15:09:43,435 [qtp459296537-14 - /es/query?q=%E5%85%9Anot%E4%BA%94&hlfl=content] INFO  zx.soft.tksdn.es.query.ESQueryCore [Line:86 ] - numFound=185314
2016-04-18 15:09:43,435 [qtp459296537-14 - /es/query?q=%E5%85%9Anot%E4%BA%94&hlfl=content] INFO  zx.soft.tksdn.es.query.ESQueryCore [Line:87 ] - QTime=34
2016-04-18 15:09:57,705 [qtp459296537-16 - /es/query?q=%E5%85%9Anot%E4%BA%94not%E7%BB%8F%E6%B5%8E&hlfl=content] INFO  z.s.t.s.controller.QueryController [Line:41 ] - QueryParams [indexName=tekuan, indexType=record, preferenceType=, searchType=, includes=null, q=党not五not经济, termAgg=, dateHistAgg=, term=, value=, hlfl=content, rangeFiled=, rangeStart=, rangeEnd=, timeZone=, sort=, from=0, size=10]
2016-04-18 15:09:57,954 [qtp459296537-16 - /es/query?q=%E5%85%9Anot%E4%BA%94not%E7%BB%8F%E6%B5%8E&hlfl=content] INFO  zx.soft.tksdn.es.query.ESQueryCore [Line:86 ] - numFound=77246
2016-04-18 15:09:57,954 [qtp459296537-16 - /es/query?q=%E5%85%9Anot%E4%BA%94not%E7%BB%8F%E6%B5%8E&hlfl=content] INFO  zx.soft.tksdn.es.query.ESQueryCore [Line:87 ] - QTime=242
